# JRE version: Java(TM) SE Runtime Environment (8.0_92-b14) (build 1.8.0_92-b14)
# Java VM: Java HotSpot(TM) Client VM (25.92-b14 mixed mode windows-x86 )
Heap:
 def new generation   total 7744K, used 7481K [0x04000000, 0x04860000, 0x09550000)
  eden space 6912K,  96% used [0x04000000, 0x0467e478, 0x046c0000)
  from space 832K, 100% used [0x04790000, 0x04860000, 0x04860000)
  to   space 832K,   0% used [0x046c0000, 0x046c0000, 0x04790000)
 tenured generation   total 17016K, used 15029K [0x09550000, 0x0a5ee000, 0x14000000)
   the space 17016K,  88% used [0x09550000, 0x0a3fd610, 0x0a3fd800, 0x0a5ee000)
 Metaspace       used 14886K, capacity 15027K, committed 15104K, reserved 15744K
GC Heap History (10 events):
Event: 139.913 GC heap before
{Heap before GC invocations=20 (full 1):
 def new generation   total 7744K, used 7471K [0x04000000, 0x04860000, 0x09550000)
  eden space 6912K, 100% used [0x04000000, 0x046c0000, 0x046c0000)
  from space 832K,  67% used [0x046c0000, 0x0474bc40, 0x04790000)
  to   space 832K,   0% used [0x04790000, 0x04790000, 0x04860000)
 tenured generation   total 17016K, used 16659K [0x09550000, 0x0a5ee000, 0x14000000)
   the space 17016K,  97% used [0x09550000, 0x0a594d18, 0x0a594e00, 0x0a5ee000)
 Metaspace       used 13702K, capacity 13886K, committed 13952K, reserved 14720K
Event: 139.942 GC heap after
Heap after GC invocations=21 (full 2):
 def new generation   total 7744K, used 0K [0x04000000, 0x04860000, 0x09550000)
  eden space 6912K,   0% used [0x04000000, 0x04000000, 0x046c0000)
  from space 832K,   0% used [0x04790000, 0x04790000, 0x04860000)
  to   space 832K,   0% used [0x046c0000, 0x046c0000, 0x04790000)
 tenured generation   total 17016K, used 9523K [0x09550000, 0x0a5ee000, 0x14000000)
   the space 17016K,  55% used [0x09550000, 0x09e9cfc0, 0x09e9d000, 0x0a5ee000)
 Metaspace       used 13680K, capacity 13851K, committed 13952K, reserved 14720K
}
Event: 139.956 GC heap before
{Heap before GC invocations=21 (full 2):
 def new generation   total 7744K, used 6912K [0x04000000, 0x04860000, 0x09550000)
  eden space 6912K, 100% used [0x04000000, 0x046c0000, 0x046c0000)
  from space 832K,   0% used [0x04790000, 0x04790000, 0x04860000)
  to   space 832K,   0% used [0x046c0000, 0x046c0000, 0x04790000)
 tenured generation   total 17016K, used 9523K [0x09550000, 0x0a5ee000, 0x14000000)
   the space 17016K,  55% used [0x09550000, 0x09e9cfc0, 0x09e9d000, 0x0a5ee000)
 Metaspace       used 13680K, capacity 13851K, committed 13952K, reserved 14720K
Event: 139.958 GC heap after
Heap after GC invocations=22 (full 2):
 def new generation   total 7744K, used 119K [0x04000000, 0x04860000, 0x09550000)
  eden space 6912K,   0% used [0x04000000, 0x04000000, 0x046c0000)
  from space 832K,  14% used [0x046c0000, 0x046dde50, 0x04790000)
  to   space 832K,   0% used [0x04790000, 0x04790000, 0x04860000)
 tenured generation   total 17016K, used 9523K [0x09550000, 0x0a5ee000, 0x14000000)
   the space 17016K,  55% used [0x09550000, 0x09e9cfc0, 0x09e9d000, 0x0a5ee000)
 Metaspace       used 13680K, capacity 13851K, committed 13952K, reserved 14720K
}
Event: 140.012 GC heap before
{Heap before GC invocations=22 (full 2):
 def new generation   total 7744K, used 7031K [0x04000000, 0x04860000, 0x09550000)
  eden space 6912K, 100% used [0x04000000, 0x046c0000, 0x046c0000)
  from space 832K,  14% used [0x046c0000, 0x046dde50, 0x04790000)
  to   space 832K,   0% used [0x04790000, 0x04790000, 0x04860000)
 tenured generation   total 17016K, used 9523K [0x09550000, 0x0a5ee000, 0x14000000)
   the space 17016K,  55% used [0x09550000, 0x09e9cfc0, 0x09e9d000, 0x0a5ee000)
 Metaspace       used 13680K, capacity 13851K, committed 13952K, reserved 14720K
Event: 140.017 GC heap after
Heap after GC invocations=23 (full 2):
 def new generation   total 7744K, used 832K [0x04000000, 0x04860000, 0x09550000)
  eden space 6912K,   0% used [0x04000000, 0x04000000, 0x046c0000)
  from space 832K, 100% used [0x04790000, 0x04860000, 0x04860000)
  to   space 832K,   0% used [0x046c0000, 0x046c0000, 0x04790000)
 tenured generation   total 17016K, used 11679K [0x09550000, 0x0a5ee000, 0x14000000)
   the space 17016K,  68% used [0x09550000, 0x0a0b7f48, 0x0a0b8000, 0x0a5ee000)
 Metaspace       used 13680K, capacity 13851K, committed 13952K, reserved 14720K
}
Event: 140.151 GC heap before
{Heap before GC invocations=23 (full 2):
 def new generation   total 7744K, used 7744K [0x04000000, 0x04860000, 0x09550000)
  eden space 6912K, 100% used [0x04000000, 0x046c0000, 0x046c0000)
  from space 832K, 100% used [0x04790000, 0x04860000, 0x04860000)
  to   space 832K,   0% used [0x046c0000, 0x046c0000, 0x04790000)
 tenured generation   total 17016K, used 11679K [0x09550000, 0x0a5ee000, 0x14000000)
   the space 17016K,  68% used [0x09550000, 0x0a0b7f48, 0x0a0b8000, 0x0a5ee000)
 Metaspace       used 13767K, capacity 13947K, committed 14080K, reserved 14720K
Event: 140.158 GC heap after
Heap after GC invocations=24 (full 2):
 def new generation   total 7744K, used 832K [0x04000000, 0x04860000, 0x09550000)
  eden space 6912K,   0% used [0x04000000, 0x04000000, 0x046c0000)
  from space 832K, 100% used [0x046c0000, 0x04790000, 0x04790000)
  to   space 832K,   0% used [0x04790000, 0x04790000, 0x04860000)
 tenured generation   total 17016K, used 13809K [0x09550000, 0x0a5ee000, 0x14000000)
   the space 17016K,  81% used [0x09550000, 0x0a2cc4a0, 0x0a2cc600, 0x0a5ee000)
 Metaspace       used 13767K, capacity 13947K, committed 14080K, reserved 14720K
}
Event: 141.242 GC heap before
{Heap before GC invocations=24 (full 2):
 def new generation   total 7744K, used 7744K [0x04000000, 0x04860000, 0x09550000)
  eden space 6912K, 100% used [0x04000000, 0x046c0000, 0x046c0000)
  from space 832K, 100% used [0x046c0000, 0x04790000, 0x04790000)
  to   space 832K,   0% used [0x04790000, 0x04790000, 0x04860000)
 tenured generation   total 17016K, used 13809K [0x09550000, 0x0a5ee000, 0x14000000)
   the space 17016K,  81% used [0x09550000, 0x0a2cc4a0, 0x0a2cc600, 0x0a5ee000)
 Metaspace       used 14611K, capacity 14768K, committed 14848K, reserved 15744K
Event: 141.252 GC heap after
Heap after GC invocations=25 (full 2):
 def new generation   total 7744K, used 832K [0x04000000, 0x04860000, 0x09550000)
  eden space 6912K,   0% used [0x04000000, 0x04000000, 0x046c0000)
  from space 832K, 100% used [0x04790000, 0x04860000, 0x04860000)
  to   space 832K,   0% used [0x046c0000, 0x046c0000, 0x04790000)
 tenured generation   total 17016K, used 15029K [0x09550000, 0x0a5ee000, 0x14000000)
   the space 17016K,  88% used [0x09550000, 0x0a3fd610, 0x0a3fd800, 0x0a5ee000)
 Metaspace       used 14611K, capacity 14768K, committed 14848K, reserved 15744K
}

