<?xml version="1.0" encoding="UTF-8"?>
<!-- Generated by org.testng.reporters.JUnitXMLReporter -->
<testsuite hostname="SonaliDas" ignored="0" name="t1" tests="1" failures="1" timestamp="03 Jul 2018 16:14:05 GMT" time="5.425" errors="0">
  <testcase name="@AfterMethod afterMethod" time="0.014" classname="com.tata.selenium.test.supplierCoverageCases.TC_001_SupplierCoverageUIValidation">
    <failure type="java.lang.NullPointerException">
      <![CDATA[java.lang.NullPointerException
at com.tata.selenium.test.supplierCoverageCases.TC_001_SupplierCoverageUIValidation.afterMethod(TC_001_SupplierCoverageUIValidation.java:157)
... Removed 28 stack frames]]>
    </failure>
  </testcase> <!-- @AfterMethod afterMethod -->
  <testcase name="DO" time="5.041" classname="com.tata.selenium.test.supplierCoverageCases.TC_001_SupplierCoverageUIValidation">
    <failure type="java.lang.AssertionError" message="Error occured while launching the url -   java.net.MalformedURLException: For input string: &amp;quot;null&amp;quot;">
      <![CDATA[java.lang.AssertionError: Error occured while launching the url -   java.net.MalformedURLException: For input string: "null"
at com.tata.selenium.utils.CommonUtils.LaunchUrl(CommonUtils.java:214)
at com.tata.selenium.test.supplierCoverageCases.TC_001_SupplierCoverageUIValidation.DO(TC_001_SupplierCoverageUIValidation.java:75)
... Removed 26 stack frames]]>
    </failure>
  </testcase> <!-- DO -->
</testsuite> <!-- t1 -->
