<?xml version="1.0" encoding="UTF-8"?>
<!-- Generated by org.testng.reporters.JUnitXMLReporter -->
<testsuite hostname="Pavilion" name="t12" tests="1" failures="1" timestamp="16 Dec 2017 15:38:10 GMT" time="145.841" errors="0">
  <testcase name="DO" time="143.051" classname="com.tata.selenium.test.supplierProvisioningCases.TC_08_SupplierUICsvValidation">
    <failure type="java.lang.NullPointerException">
      <![CDATA[java.lang.NullPointerException
	at com.tata.selenium.test.supplierProvisioningCases.TC_08_SupplierUICsvValidation.DO(TC_08_SupplierUICsvValidation.java:252)
... Removed 25 stack frames]]>
    </failure>
  </testcase> <!-- DO -->
</testsuite> <!-- t12 -->
