<?xml version="1.0" encoding="UTF-8"?>
<!-- Generated by org.testng.reporters.JUnitXMLReporter -->
<testsuite hostname="Pavilion" name="t2" tests="1" failures="1" timestamp="17 Dec 2017 14:47:09 GMT" time="103.573" errors="0">
  <testcase name="DO" time="96.715" classname="com.tata.selenium.test.productPriceManagement.TC_02_ModifyPrice">
    <failure type="java.lang.AssertionError" message="Supplier Acc Name record did not get displayed.">
      <![CDATA[java.lang.AssertionError: Supplier Acc Name record did not get displayed.
	at com.tata.selenium.test.productPriceManagement.TC_02_ModifyPrice.DO(TC_02_ModifyPrice.java:208)
... Removed 26 stack frames]]>
    </failure>
  </testcase> <!-- DO -->
</testsuite> <!-- t2 -->
