<?xml version="1.0" encoding="UTF-8"?>
<!-- Generated by org.testng.reporters.JUnitXMLReporter -->
<testsuite hostname="Pavilion" name="t6" tests="1" failures="1" timestamp="17 Dec 2017 09:58:52 GMT" time="51.003" errors="0">
  <testcase name="DO" time="48.823" classname="com.tata.selenium.test.productCoverageCases.TC_003_ProductCoverageMOSMSAndMLNS">
    <failure type="java.lang.AssertionError" message="null">
      <![CDATA[java.lang.AssertionError: null
	at com.tata.selenium.test.productCoverageCases.TC_003_ProductCoverageMOSMSAndMLNS.validateSuccessAlertMessageAndPDFPageLoaded(TC_003_ProductCoverageMOSMSAndMLNS.java:472)
	at com.tata.selenium.test.productCoverageCases.TC_003_ProductCoverageMOSMSAndMLNS.DO(TC_003_ProductCoverageMOSMSAndMLNS.java:129)
... Removed 27 stack frames]]>
    </failure>
  </testcase> <!-- DO -->
</testsuite> <!-- t6 -->
