<?xml version="1.0" encoding="UTF-8"?>
<!-- Generated by org.testng.reporters.JUnitXMLReporter -->
<testsuite hostname="SonaliDas" ignored="0" name="t7" tests="1" failures="1" timestamp="03 Jul 2018 16:14:10 GMT" time="0.555" errors="0">
  <testcase name="@AfterMethod afterMethod" time="0.005" classname="com.tata.selenium.test.supplierCoverageCases.TC_003_SupplierCoverageMOSMSAndMLNS">
    <failure type="java.lang.NullPointerException">
      <![CDATA[java.lang.NullPointerException
at com.tata.selenium.test.supplierCoverageCases.TC_003_SupplierCoverageMOSMSAndMLNS.afterMethod(TC_003_SupplierCoverageMOSMSAndMLNS.java:167)
... Removed 28 stack frames]]>
    </failure>
  </testcase> <!-- @AfterMethod afterMethod -->
  <testcase name="DO" time="0.44" classname="com.tata.selenium.test.supplierCoverageCases.TC_003_SupplierCoverageMOSMSAndMLNS">
    <failure type="java.lang.AssertionError" message="Error occured while launching the url -   java.net.MalformedURLException: For input string: &amp;quot;null&amp;quot;">
      <![CDATA[java.lang.AssertionError: Error occured while launching the url -   java.net.MalformedURLException: For input string: "null"
at com.tata.selenium.utils.CommonUtils.LaunchUrl(CommonUtils.java:214)
at com.tata.selenium.test.supplierCoverageCases.TC_003_SupplierCoverageMOSMSAndMLNS.DO(TC_003_SupplierCoverageMOSMSAndMLNS.java:79)
... Removed 26 stack frames]]>
    </failure>
  </testcase> <!-- DO -->
</testsuite> <!-- t7 -->
