<?xml version="1.0" encoding="UTF-8"?>
<!-- Generated by org.testng.reporters.JUnitXMLReporter -->
<testsuite hostname="SonaliDas" ignored="0" name="TC_01" tests="1" failures="1" timestamp="10 Jul 2018 07:41:54 GMT" time="6.05" errors="0">
  <testcase name="@AfterMethod afterMethod" time="0.008" classname="com.tata.selenium.test.deliveryStatistics.TC_01_DeliveryStatisticsUIValidation">
    <failure type="java.lang.NullPointerException">
      <![CDATA[java.lang.NullPointerException
at com.tata.selenium.test.deliveryStatistics.TC_01_DeliveryStatisticsUIValidation.afterMethod(TC_01_DeliveryStatisticsUIValidation.java:217)
... Removed 28 stack frames]]>
    </failure>
  </testcase> <!-- @AfterMethod afterMethod -->
  <testcase name="DO2" time="5.643" classname="com.tata.selenium.test.deliveryStatistics.TC_01_DeliveryStatisticsUIValidation">
    <failure type="java.lang.AssertionError" message="Error occured while launching the url -   java.net.MalformedURLException: For input string: &amp;quot;null&amp;quot;">
      <![CDATA[java.lang.AssertionError: Error occured while launching the url -   java.net.MalformedURLException: For input string: "null"
at com.tata.selenium.utils.CommonUtils.LaunchUrl(CommonUtils.java:214)
at com.tata.selenium.test.deliveryStatistics.TC_01_DeliveryStatisticsUIValidation.DO2(TC_01_DeliveryStatisticsUIValidation.java:80)
... Removed 26 stack frames]]>
    </failure>
  </testcase> <!-- DO2 -->
</testsuite> <!-- TC_01 -->
