<?xml version="1.0" encoding="UTF-8"?>
<!-- Generated by org.testng.reporters.JUnitXMLReporter -->
<testsuite hostname="SonaliDas" ignored="0" name="TC_02" tests="1" failures="1" timestamp="10 Jul 2018 07:41:56 GMT" time="2.032" errors="0">
  <testcase name="@AfterMethod afterMethod" time="0.074" classname="com.tata.selenium.test.deliveryStatistics.TC_02_DeliveryStatisticsDisplayData">
    <failure type="java.lang.NullPointerException">
      <![CDATA[java.lang.NullPointerException
at com.tata.selenium.test.deliveryStatistics.TC_02_DeliveryStatisticsDisplayData.afterMethod(TC_02_DeliveryStatisticsDisplayData.java:264)
... Removed 28 stack frames]]>
    </failure>
  </testcase> <!-- @AfterMethod afterMethod -->
  <testcase name="DO" time="1.793" classname="com.tata.selenium.test.deliveryStatistics.TC_02_DeliveryStatisticsDisplayData">
    <failure type="java.lang.AssertionError" message="Error occured while launching the url -   java.net.MalformedURLException: For input string: &amp;quot;null&amp;quot;">
      <![CDATA[java.lang.AssertionError: Error occured while launching the url -   java.net.MalformedURLException: For input string: "null"
at com.tata.selenium.utils.CommonUtils.LaunchUrl(CommonUtils.java:214)
at com.tata.selenium.test.deliveryStatistics.TC_02_DeliveryStatisticsDisplayData.DO(TC_02_DeliveryStatisticsDisplayData.java:78)
... Removed 26 stack frames]]>
    </failure>
  </testcase> <!-- DO -->
</testsuite> <!-- TC_02 -->
