<?xml version="1.0" encoding="UTF-8"?>
<!-- Generated by org.testng.reporters.JUnitXMLReporter -->
<testsuite hostname="SonaliDas" ignored="0" name="TC_08" tests="1" failures="1" timestamp="10 Jul 2018 07:42:01 GMT" time="0.719" errors="0">
  <testcase name="@AfterMethod afterMethod" time="0.007" classname="com.tata.selenium.test.deliveryStatistics.TC_06_SelectCountry">
    <failure type="java.lang.NullPointerException">
      <![CDATA[java.lang.NullPointerException
at com.tata.selenium.test.deliveryStatistics.TC_06_SelectCountry.afterMethod(TC_06_SelectCountry.java:290)
... Removed 28 stack frames]]>
    </failure>
  </testcase> <!-- @AfterMethod afterMethod -->
  <testcase name="DO" time="0.49" classname="com.tata.selenium.test.deliveryStatistics.TC_06_SelectCountry">
    <failure type="java.lang.AssertionError" message="Error occured while launching the url -   java.net.MalformedURLException: For input string: &amp;quot;null&amp;quot;">
      <![CDATA[java.lang.AssertionError: Error occured while launching the url -   java.net.MalformedURLException: For input string: "null"
at com.tata.selenium.utils.CommonUtils.LaunchUrl(CommonUtils.java:214)
at com.tata.selenium.test.deliveryStatistics.TC_06_SelectCountry.DO(TC_06_SelectCountry.java:85)
... Removed 26 stack frames]]>
    </failure>
  </testcase> <!-- DO -->
</testsuite> <!-- TC_08 -->
