<?xml version="1.0" encoding="UTF-8"?>
<!-- Generated by org.testng.reporters.JUnitXMLReporter -->
<testsuite hostname="SonaliDas" ignored="0" name="TC_09" tests="1" failures="1" timestamp="10 Jul 2018 07:42:02 GMT" time="0.791" errors="0">
  <testcase name="@AfterMethod afterMethod" time="0.005" classname="com.tata.selenium.test.deliveryStatistics.TC_07_SelectDestination">
    <failure type="java.lang.NullPointerException">
      <![CDATA[java.lang.NullPointerException
at com.tata.selenium.test.deliveryStatistics.TC_07_SelectDestination.afterMethod(TC_07_SelectDestination.java:279)
... Removed 28 stack frames]]>
    </failure>
  </testcase> <!-- @AfterMethod afterMethod -->
  <testcase name="DO" time="0.604" classname="com.tata.selenium.test.deliveryStatistics.TC_07_SelectDestination">
    <failure type="java.lang.AssertionError" message="Error occured while launching the url -   java.net.MalformedURLException: For input string: &amp;quot;null&amp;quot;">
      <![CDATA[java.lang.AssertionError: Error occured while launching the url -   java.net.MalformedURLException: For input string: "null"
at com.tata.selenium.utils.CommonUtils.LaunchUrl(CommonUtils.java:214)
at com.tata.selenium.test.deliveryStatistics.TC_07_SelectDestination.DO(TC_07_SelectDestination.java:88)
... Removed 26 stack frames]]>
    </failure>
  </testcase> <!-- DO -->
</testsuite> <!-- TC_09 -->
