<?xml version="1.0" encoding="UTF-8"?>
<!-- Generated by org.testng.reporters.JUnitXMLReporter -->
<testsuite hostname="test-PC" ignored="0" name="TC_07" tests="1" failures="1" timestamp="12 Jul 2017 20:05:26 GMT" time="167.357" errors="0">
  <testcase name="DO" time="165.532" classname="com.tata.selenium.test.deliveryStatistics.TC_05_SelectSupplier">
    <failure type="java.lang.NullPointerException">
      <![CDATA[java.lang.NullPointerException
	at com.tata.selenium.test.deliveryStatistics.TC_05_SelectSupplier.DO(TC_05_SelectSupplier.java:161)
... Removed 25 stack frames]]>
    </failure>
  </testcase> <!-- DO -->
</testsuite> <!-- TC_07 -->
