<?xml version="1.0" encoding="UTF-8"?>
<testng-results skipped="0" failed="2" total="8" passed="6">
  <reporter-output>
    <line>
      <![CDATA[Executing Test Case -TC_001 -with TestdataId : Data_01]]>
    </line>
    <line>
      <![CDATA[New CHROME LOCAL driver instantiated]]>
    </line>
    <line>
      <![CDATA[URL launched is : https://10.133.43.10:8443/MessagingInstance]]>
    </line>
    <line>
      <![CDATA[TATA Messaging Login Page appear/loaded successfully]]>
    </line>
    <line>
      <![CDATA[Username 'sonali.das@tatacommunications.com' entered sucessfully]]>
    </line>
    <line>
      <![CDATA[Password 'Welcome01' entered sucessfully]]>
    </line>
    <line>
      <![CDATA[Submit Btn clicked sucessfully]]>
    </line>
    <line>
      <![CDATA[MessagingInstanceHomePage Page loaded successfully]]>
    </line>
    <line>
      <![CDATA[Successfully switched  to //iframe[@scrolling='no'] frame]]>
    </line>
    <line>
      <![CDATA[TATA Messaging Home Page appear/loaded successfully]]>
    </line>
    <line>
      <![CDATA[After Login Screen verified sucessfully]]>
    </line>
    <line>
      <![CDATA[Successfully switched  to //iframe[@name='bottom'] frame]]>
    </line>
    <line>
      <![CDATA[Successfully switched  to index frame]]>
    </line>
    <line>
      <![CDATA[Navigation Bar appear/loaded successfully]]>
    </line>
    <line>
      <![CDATA[Supplier Coverage Management page opened sucessfully]]>
    </line>
    <line>
      <![CDATA[Successfully switched  to bottom frame]]>
    </line>
    <line>
      <![CDATA[Successfully switched  to target frame]]>
    </line>
    <line>
      <![CDATA[supplierServiceLst field is editable and the default value selected is MT SMS]]>
    </line>
    <line>
      <![CDATA[supplierNameLst field is editable and the default value selected is --Select--]]>
    </line>
    <line>
      <![CDATA[supplierAccNameLst field is editable and the default value selected is --Select--]]>
    </line>
    <line>
      <![CDATA[supplierCoverageHistoryLst field is editable and the default value selected is --Select--]]>
    </line>
    <line>
      <![CDATA[displayBtn Element is present and displayed in the page]]>
    </line>
    <line>
      <![CDATA[cancelBtn Element is present and displayed in the page]]>
    </line>
    <line>
      <![CDATA[submitBtn Element is present and displayed in the page]]>
    </line>
    <line>
      <![CDATA[uploadBtn Element is present and displayed in the page]]>
    </line>
    <line>
      <![CDATA[Successfully switched  to //iframe[@scrolling='no'] frame]]>
    </line>
    <line>
      <![CDATA[logout Successful]]>
    </line>
    <line>
      <![CDATA[Executing Test Case -TC_001 -with TestdataId : Data_02]]>
    </line>
    <line>
      <![CDATA[New CHROME LOCAL driver instantiated]]>
    </line>
    <line>
      <![CDATA[URL launched is : https://10.133.43.10:8443/MessagingInstance]]>
    </line>
    <line>
      <![CDATA[TATA Messaging Login Page appear/loaded successfully]]>
    </line>
    <line>
      <![CDATA[Username 'sonali.das@tatacommunications.com' entered sucessfully]]>
    </line>
    <line>
      <![CDATA[Password 'Welcome01' entered sucessfully]]>
    </line>
    <line>
      <![CDATA[Submit Btn clicked sucessfully]]>
    </line>
    <line>
      <![CDATA[MessagingInstanceHomePage Page loaded successfully]]>
    </line>
    <line>
      <![CDATA[Successfully switched  to //iframe[@scrolling='no'] frame]]>
    </line>
    <line>
      <![CDATA[TATA Messaging Home Page appear/loaded successfully]]>
    </line>
    <line>
      <![CDATA[After Login Screen verified sucessfully]]>
    </line>
    <line>
      <![CDATA[Successfully switched  to //iframe[@name='bottom'] frame]]>
    </line>
    <line>
      <![CDATA[Successfully switched  to index frame]]>
    </line>
    <line>
      <![CDATA[Navigation Bar appear/loaded successfully]]>
    </line>
    <line>
      <![CDATA[Supplier Coverage Management page opened sucessfully]]>
    </line>
    <line>
      <![CDATA[Successfully switched  to bottom frame]]>
    </line>
    <line>
      <![CDATA[Successfully switched  to target frame]]>
    </line>
    <line>
      <![CDATA[Selected - 'MO SMS' from the dropdown]]>
    </line>
    <line>
      <![CDATA[ Page loaded successfully]]>
    </line>
    <line>
      <![CDATA[ Page loaded successfully]]>
    </line>
    <line>
      <![CDATA[supplierNameLst field is editable and the default value selected is --Select--]]>
    </line>
    <line>
      <![CDATA[supplierAccNameLst field is editable and the default value selected is --Select--]]>
    </line>
    <line>
      <![CDATA[supplierCoverageHistoryLst field is editable and the default value selected is --Select--]]>
    </line>
    <line>
      <![CDATA[displayBtn Element is present and displayed in the page]]>
    </line>
    <line>
      <![CDATA[cancelBtn Element is present and displayed in the page]]>
    </line>
    <line>
      <![CDATA[Successfully switched  to //iframe[@scrolling='no'] frame]]>
    </line>
    <line>
      <![CDATA[logout Successful]]>
    </line>
    <line>
      <![CDATA[Executing Test Case -TC_001 -with TestdataId : Data_03]]>
    </line>
    <line>
      <![CDATA[New CHROME LOCAL driver instantiated]]>
    </line>
    <line>
      <![CDATA[URL launched is : https://10.133.43.10:8443/MessagingInstance]]>
    </line>
    <line>
      <![CDATA[TATA Messaging Login Page appear/loaded successfully]]>
    </line>
    <line>
      <![CDATA[Username 'sonali.das@tatacommunications.com' entered sucessfully]]>
    </line>
    <line>
      <![CDATA[Password 'Welcome01' entered sucessfully]]>
    </line>
    <line>
      <![CDATA[Submit Btn clicked sucessfully]]>
    </line>
    <line>
      <![CDATA[MessagingInstanceHomePage Page loaded successfully]]>
    </line>
    <line>
      <![CDATA[Successfully switched  to //iframe[@scrolling='no'] frame]]>
    </line>
    <line>
      <![CDATA[TATA Messaging Home Page appear/loaded successfully]]>
    </line>
    <line>
      <![CDATA[After Login Screen verified sucessfully]]>
    </line>
    <line>
      <![CDATA[Successfully switched  to //iframe[@name='bottom'] frame]]>
    </line>
    <line>
      <![CDATA[Successfully switched  to index frame]]>
    </line>
    <line>
      <![CDATA[Navigation Bar appear/loaded successfully]]>
    </line>
    <line>
      <![CDATA[Supplier Coverage Management page opened sucessfully]]>
    </line>
    <line>
      <![CDATA[Successfully switched  to bottom frame]]>
    </line>
    <line>
      <![CDATA[Successfully switched  to target frame]]>
    </line>
    <line>
      <![CDATA[Selected - 'Mobile LNS' from the dropdown]]>
    </line>
    <line>
      <![CDATA[ Page loaded successfully]]>
    </line>
    <line>
      <![CDATA[ Page loaded successfully]]>
    </line>
    <line>
      <![CDATA[supplierNameLst field is editable and the default value selected is --Select--]]>
    </line>
    <line>
      <![CDATA[supplierAccNameLst field is editable and the default value selected is --Select--]]>
    </line>
    <line>
      <![CDATA[supplierCoverageHistoryLst field is editable and the default value selected is --Select--]]>
    </line>
    <line>
      <![CDATA[displayBtn Element is present and displayed in the page]]>
    </line>
    <line>
      <![CDATA[cancelBtn Element is present and displayed in the page]]>
    </line>
    <line>
      <![CDATA[Successfully switched  to //iframe[@scrolling='no'] frame]]>
    </line>
    <line>
      <![CDATA[logout Successful]]>
    </line>
    <line>
      <![CDATA[Executing Test Case -TC_002 -with TestdataId : Data_04]]>
    </line>
    <line>
      <![CDATA[New CHROME LOCAL driver instantiated]]>
    </line>
    <line>
      <![CDATA[URL launched is : https://10.133.43.10:8443/MessagingInstance]]>
    </line>
    <line>
      <![CDATA[TATA Messaging Login Page appear/loaded successfully]]>
    </line>
    <line>
      <![CDATA[Username 'sonali.das@tatacommunications.com' entered sucessfully]]>
    </line>
    <line>
      <![CDATA[Password 'Welcome01' entered sucessfully]]>
    </line>
    <line>
      <![CDATA[Submit Btn clicked sucessfully]]>
    </line>
    <line>
      <![CDATA[MessagingInstanceHomePage Page loaded successfully]]>
    </line>
    <line>
      <![CDATA[Successfully switched  to //iframe[@scrolling='no'] frame]]>
    </line>
    <line>
      <![CDATA[TATA Messaging Home Page appear/loaded successfully]]>
    </line>
    <line>
      <![CDATA[After Login Screen verified sucessfully]]>
    </line>
    <line>
      <![CDATA[Successfully switched  to //iframe[@name='bottom'] frame]]>
    </line>
    <line>
      <![CDATA[Successfully switched  to index frame]]>
    </line>
    <line>
      <![CDATA[Navigation Bar appear/loaded successfully]]>
    </line>
    <line>
      <![CDATA[Supplier Coverage Management page opened sucessfully]]>
    </line>
    <line>
      <![CDATA[Successfully switched  to bottom frame]]>
    </line>
    <line>
      <![CDATA[Successfully switched  to target frame]]>
    </line>
    <line>
      <![CDATA[Selected - 'MT SMS' from the dropdown]]>
    </line>
    <line>
      <![CDATA[ Page loaded successfully]]>
    </line>
    <line>
      <![CDATA[Selected - 'AVANTEL S.A.S.' from the dropdown]]>
    </line>
    <line>
      <![CDATA[ Page loaded successfully]]>
    </line>
    <line>
      <![CDATA[36887-COVERAGE-20-SEP-2017 seems to selected in supplierCoverageHistoryLst dropdown]]>
    </line>
    <line>
      <![CDATA[SupplierCoverage Page loaded successfully]]>
    </line>
    <line>
      <![CDATA[2 were obtianed from the supplierAccNameLstdropdown]]>
    </line>
    <line>
      <![CDATA[AVANTEL-CO-MT-SMPP seems to selected in supplierAccNameLst dropdown]]>
    </line>
    <line>
      <![CDATA[Selected - 'AVANTEL-CO-MT-SMPP' from the dropdown]]>
    </line>
    <line>
      <![CDATA[ Page loaded successfully]]>
    </line>
    <line>
      <![CDATA[SupplierCoverage Page loaded successfully]]>
    </line>
    <line>
      <![CDATA[6 were obtianed from the supplierCoverageHistoryLstdropdown]]>
    </line>
    <line>
      <![CDATA[Selected - '36887-COVERAGE-20-SEP-2017' from the dropdown]]>
    </line>
    <line>
      <![CDATA[ Page loaded successfully]]>
    </line>
    <line>
      <![CDATA[displayBtn - having xpath 'By.id: disButton' clicked sucessfully]]>
    </line>
    <line>
      <![CDATA[ Page loaded successfully]]>
    </line>
    <line>
      <![CDATA[Selected - '36884-COVERAGE-20-SEP-2017' from the dropdown]]>
    </line>
    <line>
      <![CDATA[ Page loaded successfully]]>
    </line>
    <line>
      <![CDATA[displayBtn - having xpath 'By.id: disButton' clicked sucessfully]]>
    </line>
    <line>
      <![CDATA[ Page loaded successfully]]>
    </line>
    <line>
      <![CDATA[Selected - '36880-COVERAGE-20-SEP-2017' from the dropdown]]>
    </line>
    <line>
      <![CDATA[ Page loaded successfully]]>
    </line>
    <line>
      <![CDATA[displayBtn - having xpath 'By.id: disButton' clicked sucessfully]]>
    </line>
    <line>
      <![CDATA[ Page loaded successfully]]>
    </line>
    <line>
      <![CDATA[Selected - '36876-COVERAGE-19-SEP-2017' from the dropdown]]>
    </line>
    <line>
      <![CDATA[ Page loaded successfully]]>
    </line>
    <line>
      <![CDATA[displayBtn - having xpath 'By.id: disButton' clicked sucessfully]]>
    </line>
    <line>
      <![CDATA[ Page loaded successfully]]>
    </line>
    <line>
      <![CDATA[Selected - '36875-COVERAGE-19-SEP-2017' from the dropdown]]>
    </line>
    <line>
      <![CDATA[ Page loaded successfully]]>
    </line>
    <line>
      <![CDATA[displayBtn - having xpath 'By.id: disButton' clicked sucessfully]]>
    </line>
    <line>
      <![CDATA[ Page loaded successfully]]>
    </line>
    <line>
      <![CDATA[Selected - '36887-COVERAGE-20-SEP-2017' from the dropdown]]>
    </line>
    <line>
      <![CDATA[ Page loaded successfully]]>
    </line>
    <line>
      <![CDATA[displayBtn - having xpath 'By.id: disButton' clicked sucessfully]]>
    </line>
    <line>
      <![CDATA[None seems to selected in dynamicRouteTypeDropdown dropdown]]>
    </line>
    <line>
      <![CDATA[dynamicCoverageCheckbox checkbox in Selected status]]>
    </line>
    <line>
      <![CDATA[dynamicAlphaCheckboxAN checkbox in Selected status]]>
    </line>
    <line>
      <![CDATA[dynamicShortCheckboxSC checkbox in Unselected status]]>
    </line>
    <line>
      <![CDATA[dynamicLongCheckboxLN checkbox in Selected status]]>
    </line>
    <line>
      <![CDATA[dynamicDlrCheckboxDR checkbox in Unselected status]]>
    </line>
    <line>
      <![CDATA[dynamicCoverageCheckbox checkbox has been selected]]>
    </line>
    <line>
      <![CDATA[dynamicAlphaCheckboxAN checkbox has been unselected]]>
    </line>
    <line>
      <![CDATA[dynamicShortCheckboxSC checkbox has been unselected]]>
    </line>
    <line>
      <![CDATA[dynamicLongCheckboxLN checkbox has been unselected]]>
    </line>
    <line>
      <![CDATA[dynamicDlrCheckboxDR checkbox has been unselected]]>
    </line>
    <line>
      <![CDATA[submitBtn - having xpath 'By.id: submitButton' clicked sucessfully]]>
    </line>
    <line>
      <![CDATA[POP Up has appeared now]]>
    </line>
    <line>
      <![CDATA[Validation passed as Pop up is being displayed and it is  - Error: Please provide at least one Route feature.]]>
    </line>
    <line>
      <![CDATA[Successfully switched  to //iframe[@scrolling='no'] frame]]>
    </line>
    <line>
      <![CDATA[exchange - having xpath 'By.xpath: //a[@name='exchange']' clicked sucessfully]]>
    </line>
    <line>
      <![CDATA[ Page loaded successfully]]>
    </line>
    <line>
      <![CDATA[Successfully switched  to //iframe[@name='bottom'] frame]]>
    </line>
    <line>
      <![CDATA[Successfully switched  to index frame]]>
    </line>
    <line>
      <![CDATA[Navigation Bar appear/loaded successfully]]>
    </line>
    <line>
      <![CDATA[Supplier Coverage Management page opened sucessfully]]>
    </line>
    <line>
      <![CDATA[Successfully switched  to bottom frame]]>
    </line>
    <line>
      <![CDATA[Successfully switched  to target frame]]>
    </line>
    <line>
      <![CDATA[Selected - 'MT SMS' from the dropdown]]>
    </line>
    <line>
      <![CDATA[ Page loaded successfully]]>
    </line>
    <line>
      <![CDATA[Selected - 'AVANTEL S.A.S.' from the dropdown]]>
    </line>
    <line>
      <![CDATA[ Page loaded successfully]]>
    </line>
    <line>
      <![CDATA[SupplierCoverage Page loaded successfully]]>
    </line>
    <line>
      <![CDATA[Selected - 'AVANTEL-CO-MT-SMPP' from the dropdown]]>
    </line>
    <line>
      <![CDATA[ Page loaded successfully]]>
    </line>
    <line>
      <![CDATA[SupplierCoverage Page loaded successfully]]>
    </line>
    <line>
      <![CDATA[displayBtn - having xpath 'By.id: disButton' clicked sucessfully]]>
    </line>
    <line>
      <![CDATA[dynamicCoverageCheckbox checkbox has been unselected]]>
    </line>
    <line>
      <![CDATA[submitBtn - having xpath 'By.id: submitButton' clicked sucessfully]]>
    </line>
    <line>
      <![CDATA[alertMessage Obtained as : The new coverage(s) have been successfully entered and will become active immediately. You will receive a confirmation email for reference]]>
    </line>
    <line>
      <![CDATA[pdfEmbed element Exist]]>
    </line>
    <line>
      <![CDATA[Successfully switched  to bottom frame]]>
    </line>
    <line>
      <![CDATA[Successfully switched  to target frame]]>
    </line>
    <line>
      <![CDATA[supplierCstMgtLabel element Exist]]>
    </line>
    <line>
      <![CDATA[Successfully switched  to //iframe[@scrolling='no'] frame]]>
    </line>
    <line>
      <![CDATA[exchange - having xpath 'By.xpath: //a[@name='exchange']' clicked sucessfully]]>
    </line>
    <line>
      <![CDATA[ Page loaded successfully]]>
    </line>
    <line>
      <![CDATA[Successfully switched  to //iframe[@name='bottom'] frame]]>
    </line>
    <line>
      <![CDATA[Successfully switched  to index frame]]>
    </line>
    <line>
      <![CDATA[Navigation Bar appear/loaded successfully]]>
    </line>
    <line>
      <![CDATA[Supplier Coverage Management page opened sucessfully]]>
    </line>
    <line>
      <![CDATA[Successfully switched  to bottom frame]]>
    </line>
    <line>
      <![CDATA[Successfully switched  to target frame]]>
    </line>
    <line>
      <![CDATA[Selected - 'MT SMS' from the dropdown]]>
    </line>
    <line>
      <![CDATA[ Page loaded successfully]]>
    </line>
    <line>
      <![CDATA[Selected - 'AVANTEL S.A.S.' from the dropdown]]>
    </line>
    <line>
      <![CDATA[ Page loaded successfully]]>
    </line>
    <line>
      <![CDATA[SupplierCoverage Page loaded successfully]]>
    </line>
    <line>
      <![CDATA[Selected - 'AVANTEL-CO-MT-SMPP' from the dropdown]]>
    </line>
    <line>
      <![CDATA[ Page loaded successfully]]>
    </line>
    <line>
      <![CDATA[SupplierCoverage Page loaded successfully]]>
    </line>
    <line>
      <![CDATA[Successfully switched  to //iframe[@scrolling='no'] frame]]>
    </line>
    <line>
      <![CDATA[Successfully switched  to bottom frame]]>
    </line>
    <line>
      <![CDATA[Successfully switched  to target frame]]>
    </line>
    <line>
      <![CDATA[49196-COVERAGE-16-DEC-2017 seems to selected in supplierCoverageHistoryLst dropdown]]>
    </line>
    <line>
      <![CDATA[displayBtn - having xpath 'By.id: disButton' clicked sucessfully]]>
    </line>
    <line>
      <![CDATA[dynamicCoverageCheckbox checkbox has been selected]]>
    </line>
    <line>
      <![CDATA[dynamicRouteTypeDropdown field is editable and the default value selected is None]]>
    </line>
    <line>
      <![CDATA[dynamicAlphaCheckboxAN checkbox in Unselected status]]>
    </line>
    <line>
      <![CDATA[dynamicShortCheckboxSC checkbox is in Unselected status]]>
    </line>
    <line>
      <![CDATA[dynamicLongCheckboxLN checkbox in Unselected status]]>
    </line>
    <line>
      <![CDATA[dynamicDlrCheckboxDR checkbox is in Unselected status]]>
    </line>
    <line>
      <![CDATA[AllfilesInFolder :1]]>
    </line>
    <line>
      <![CDATA[file: 4PAY_TEST_SS7-Submitted-37369.csv]]>
    </line>
    <line>
      <![CDATA[deleted all files from download loaction]]>
    </line>
    <line>
      <![CDATA[exportImgBtn - having xpath 'By.xpath: //img[@src='/MessagingInstance/Images/export.png']' clicked sucessfully]]>
    </line>
    <line>
      <![CDATA[SupplierCoverage Page loaded successfully]]>
    </line>
    <line>
      <![CDATA[checking for download completed]]>
    </line>
    <line>
      <![CDATA[no downloads pending]]>
    </line>
    <line>
      <![CDATA[dowloaded file path: C:\selenium\files\AVANTEL S.A.S.-AVANTEL-CO-MT-SMPP.csv]]>
    </line>
    <line>
      <![CDATA[Successfully switched  to //iframe[@scrolling='no'] frame]]>
    </line>
    <line>
      <![CDATA[logout Successful]]>
    </line>
    <line>
      <![CDATA[Executing Test Case -TC_002 -with TestdataId : Data_05]]>
    </line>
    <line>
      <![CDATA[New CHROME LOCAL driver instantiated]]>
    </line>
    <line>
      <![CDATA[URL launched is : https://10.133.43.10:8443/MessagingInstance]]>
    </line>
    <line>
      <![CDATA[TATA Messaging Login Page appear/loaded successfully]]>
    </line>
    <line>
      <![CDATA[Username 'sonali.das@tatacommunications.com' entered sucessfully]]>
    </line>
    <line>
      <![CDATA[Password 'Welcome01' entered sucessfully]]>
    </line>
    <line>
      <![CDATA[Submit Btn clicked sucessfully]]>
    </line>
    <line>
      <![CDATA[MessagingInstanceHomePage Page loaded successfully]]>
    </line>
    <line>
      <![CDATA[Successfully switched  to //iframe[@scrolling='no'] frame]]>
    </line>
    <line>
      <![CDATA[TATA Messaging Home Page appear/loaded successfully]]>
    </line>
    <line>
      <![CDATA[After Login Screen verified sucessfully]]>
    </line>
    <line>
      <![CDATA[Successfully switched  to //iframe[@name='bottom'] frame]]>
    </line>
    <line>
      <![CDATA[Successfully switched  to index frame]]>
    </line>
    <line>
      <![CDATA[Navigation Bar appear/loaded successfully]]>
    </line>
    <line>
      <![CDATA[Supplier Coverage Management page opened sucessfully]]>
    </line>
    <line>
      <![CDATA[Successfully switched  to bottom frame]]>
    </line>
    <line>
      <![CDATA[Successfully switched  to target frame]]>
    </line>
    <line>
      <![CDATA[Selected - 'MT SMS' from the dropdown]]>
    </line>
    <line>
      <![CDATA[ Page loaded successfully]]>
    </line>
    <line>
      <![CDATA[Selected - '2 DEGREES MOBILE LIMITED' from the dropdown]]>
    </line>
    <line>
      <![CDATA[ Page loaded successfully]]>
    </line>
    <line>
      <![CDATA[49175-COVERAGE-14-DEC-2017 seems to selected in supplierCoverageHistoryLst dropdown]]>
    </line>
    <line>
      <![CDATA[SupplierCoverage Page loaded successfully]]>
    </line>
    <line>
      <![CDATA[6 were obtianed from the supplierAccNameLstdropdown]]>
    </line>
    <line>
      <![CDATA[2DEGREES-NZ-MT-SMPP seems to selected in supplierAccNameLst dropdown]]>
    </line>
    <line>
      <![CDATA[Selected - '2DEGREES-NZ-MT-SMPP' from the dropdown]]>
    </line>
    <line>
      <![CDATA[ Page loaded successfully]]>
    </line>
    <line>
      <![CDATA[SupplierCoverage Page loaded successfully]]>
    </line>
    <line>
      <![CDATA[6 were obtianed from the supplierCoverageHistoryLstdropdown]]>
    </line>
    <line>
      <![CDATA[Selected - '49175-COVERAGE-14-DEC-2017' from the dropdown]]>
    </line>
    <line>
      <![CDATA[ Page loaded successfully]]>
    </line>
    <line>
      <![CDATA[displayBtn - having xpath 'By.id: disButton' clicked sucessfully]]>
    </line>
    <line>
      <![CDATA[ Page loaded successfully]]>
    </line>
    <line>
      <![CDATA[Selected - '37375-COVERAGE-25-OCT-2017' from the dropdown]]>
    </line>
    <line>
      <![CDATA[ Page loaded successfully]]>
    </line>
    <line>
      <![CDATA[displayBtn - having xpath 'By.id: disButton' clicked sucessfully]]>
    </line>
    <line>
      <![CDATA[ Page loaded successfully]]>
    </line>
    <line>
      <![CDATA[Selected - '37374-COVERAGE-25-OCT-2017' from the dropdown]]>
    </line>
    <line>
      <![CDATA[ Page loaded successfully]]>
    </line>
    <line>
      <![CDATA[displayBtn - having xpath 'By.id: disButton' clicked sucessfully]]>
    </line>
    <line>
      <![CDATA[ Page loaded successfully]]>
    </line>
    <line>
      <![CDATA[Selected - '37131-COVERAGE-12-OCT-2017' from the dropdown]]>
    </line>
    <line>
      <![CDATA[ Page loaded successfully]]>
    </line>
    <line>
      <![CDATA[displayBtn - having xpath 'By.id: disButton' clicked sucessfully]]>
    </line>
    <line>
      <![CDATA[ Page loaded successfully]]>
    </line>
    <line>
      <![CDATA[Selected - '37130-COVERAGE-12-OCT-2017' from the dropdown]]>
    </line>
    <line>
      <![CDATA[ Page loaded successfully]]>
    </line>
    <line>
      <![CDATA[displayBtn - having xpath 'By.id: disButton' clicked sucessfully]]>
    </line>
    <line>
      <![CDATA[ Page loaded successfully]]>
    </line>
    <line>
      <![CDATA[Selected - '49175-COVERAGE-14-DEC-2017' from the dropdown]]>
    </line>
    <line>
      <![CDATA[ Page loaded successfully]]>
    </line>
    <line>
      <![CDATA[displayBtn - having xpath 'By.id: disButton' clicked sucessfully]]>
    </line>
    <line>
      <![CDATA[None seems to selected in dynamicRouteTypeDropdown dropdown]]>
    </line>
    <line>
      <![CDATA[dynamicCoverageCheckbox checkbox in Selected status]]>
    </line>
    <line>
      <![CDATA[dynamicAlphaCheckboxAN checkbox in Selected status]]>
    </line>
    <line>
      <![CDATA[dynamicShortCheckboxSC checkbox in Unselected status]]>
    </line>
    <line>
      <![CDATA[dynamicLongCheckboxLN checkbox in Selected status]]>
    </line>
    <line>
      <![CDATA[dynamicDlrCheckboxDR checkbox in Unselected status]]>
    </line>
    <line>
      <![CDATA[dynamicCoverageCheckbox checkbox has been selected]]>
    </line>
    <line>
      <![CDATA[dynamicAlphaCheckboxAN checkbox has been unselected]]>
    </line>
    <line>
      <![CDATA[dynamicShortCheckboxSC checkbox has been unselected]]>
    </line>
    <line>
      <![CDATA[dynamicLongCheckboxLN checkbox has been unselected]]>
    </line>
    <line>
      <![CDATA[dynamicDlrCheckboxDR checkbox has been unselected]]>
    </line>
    <line>
      <![CDATA[submitBtn - having xpath 'By.id: submitButton' clicked sucessfully]]>
    </line>
    <line>
      <![CDATA[POP Up has appeared now]]>
    </line>
    <line>
      <![CDATA[Validation passed as Pop up is being displayed and it is  - Error: Please provide at least one Route feature.]]>
    </line>
    <line>
      <![CDATA[Successfully switched  to //iframe[@scrolling='no'] frame]]>
    </line>
    <line>
      <![CDATA[exchange - having xpath 'By.xpath: //a[@name='exchange']' clicked sucessfully]]>
    </line>
    <line>
      <![CDATA[ Page loaded successfully]]>
    </line>
    <line>
      <![CDATA[Successfully switched  to //iframe[@name='bottom'] frame]]>
    </line>
    <line>
      <![CDATA[Successfully switched  to index frame]]>
    </line>
    <line>
      <![CDATA[Navigation Bar appear/loaded successfully]]>
    </line>
    <line>
      <![CDATA[Supplier Coverage Management page opened sucessfully]]>
    </line>
    <line>
      <![CDATA[Successfully switched  to bottom frame]]>
    </line>
    <line>
      <![CDATA[Successfully switched  to target frame]]>
    </line>
    <line>
      <![CDATA[Selected - 'MT SMS' from the dropdown]]>
    </line>
    <line>
      <![CDATA[ Page loaded successfully]]>
    </line>
    <line>
      <![CDATA[Selected - '2 DEGREES MOBILE LIMITED' from the dropdown]]>
    </line>
    <line>
      <![CDATA[ Page loaded successfully]]>
    </line>
    <line>
      <![CDATA[SupplierCoverage Page loaded successfully]]>
    </line>
    <line>
      <![CDATA[Selected - '2DEGREES-NZ-MT-SMPP' from the dropdown]]>
    </line>
    <line>
      <![CDATA[ Page loaded successfully]]>
    </line>
    <line>
      <![CDATA[SupplierCoverage Page loaded successfully]]>
    </line>
    <line>
      <![CDATA[displayBtn - having xpath 'By.id: disButton' clicked sucessfully]]>
    </line>
    <line>
      <![CDATA[None seems to selected in dynamicRouteTypeDropdown dropdown]]>
    </line>
    <line>
      <![CDATA[dynamicCoverageCheckbox checkbox in Selected status]]>
    </line>
    <line>
      <![CDATA[dynamicAlphaCheckboxAN checkbox in Selected status]]>
    </line>
    <line>
      <![CDATA[dynamicShortCheckboxSC checkbox in Unselected status]]>
    </line>
    <line>
      <![CDATA[dynamicLongCheckboxLN checkbox in Selected status]]>
    </line>
    <line>
      <![CDATA[dynamicDlrCheckboxDR checkbox in Unselected status]]>
    </line>
    <line>
      <![CDATA[CSV file has been generated as the input: C:\Users\Hp\git\ui_automationscript\temp\-16-12-2017_22-29-41\2 DEGREES MOBILE LIMITED-2DEGREES-NZ-MT-SMPP-Coverage Update.csv]]>
    </line>
    <line>
      <![CDATA[C:\Users\Hp\git\ui_automationscript\temp\-16-12-2017_22-29-41\2 DEGREES MOBILE LIMITED-2DEGREES-NZ-MT-SMPP-Coverage Update.csv has been sent/entered to elemet uploadInptFileBtn]]>
    </line>
    <line>
      <![CDATA[POP Up has appeared now]]>
    </line>
    <line>
      <![CDATA[Validation passed as Pop up is being displayed and it is  - Warning: This action will upload the Selected CSV. Do you want to Continue ?]]>
    </line>
    <line>
      <![CDATA[ Page loaded successfully]]>
    </line>
    <line>
      <![CDATA[None seems to selected in dynamicRouteTypeDropdown dropdown]]>
    </line>
    <line>
      <![CDATA[dynamicCoverageCheckbox checkbox in Unselected status]]>
    </line>
    <line>
      <![CDATA[dynamicAlphaCheckboxAN checkbox in Selected status]]>
    </line>
    <line>
      <![CDATA[dynamicShortCheckboxSC checkbox in Unselected status]]>
    </line>
    <line>
      <![CDATA[dynamicLongCheckboxLN checkbox in Selected status]]>
    </line>
    <line>
      <![CDATA[dynamicDlrCheckboxDR checkbox in Unselected status]]>
    </line>
    <line>
      <![CDATA[submitBtn - having xpath 'By.id: submitButton' clicked sucessfully]]>
    </line>
    <line>
      <![CDATA[alertMessage Obtained as : The new coverage(s) have been successfully entered and will become active immediately. You will receive a confirmation email for reference]]>
    </line>
    <line>
      <![CDATA[pdfEmbed element Exist]]>
    </line>
    <line>
      <![CDATA[Successfully switched  to bottom frame]]>
    </line>
    <line>
      <![CDATA[Successfully switched  to target frame]]>
    </line>
    <line>
      <![CDATA[supplierCstMgtLabel element Exist]]>
    </line>
    <line>
      <![CDATA[Successfully switched  to //iframe[@scrolling='no'] frame]]>
    </line>
    <line>
      <![CDATA[exchange - having xpath 'By.xpath: //a[@name='exchange']' clicked sucessfully]]>
    </line>
    <line>
      <![CDATA[ Page loaded successfully]]>
    </line>
    <line>
      <![CDATA[Successfully switched  to //iframe[@name='bottom'] frame]]>
    </line>
    <line>
      <![CDATA[Successfully switched  to index frame]]>
    </line>
    <line>
      <![CDATA[Navigation Bar appear/loaded successfully]]>
    </line>
    <line>
      <![CDATA[Supplier Coverage Management page opened sucessfully]]>
    </line>
    <line>
      <![CDATA[Successfully switched  to bottom frame]]>
    </line>
    <line>
      <![CDATA[Successfully switched  to target frame]]>
    </line>
    <line>
      <![CDATA[Selected - 'MT SMS' from the dropdown]]>
    </line>
    <line>
      <![CDATA[ Page loaded successfully]]>
    </line>
    <line>
      <![CDATA[Selected - '2 DEGREES MOBILE LIMITED' from the dropdown]]>
    </line>
    <line>
      <![CDATA[ Page loaded successfully]]>
    </line>
    <line>
      <![CDATA[SupplierCoverage Page loaded successfully]]>
    </line>
    <line>
      <![CDATA[Selected - '2DEGREES-NZ-MT-SMPP' from the dropdown]]>
    </line>
    <line>
      <![CDATA[ Page loaded successfully]]>
    </line>
    <line>
      <![CDATA[SupplierCoverage Page loaded successfully]]>
    </line>
    <line>
      <![CDATA[Successfully switched  to //iframe[@scrolling='no'] frame]]>
    </line>
    <line>
      <![CDATA[Successfully switched  to bottom frame]]>
    </line>
    <line>
      <![CDATA[Successfully switched  to target frame]]>
    </line>
    <line>
      <![CDATA[49197-COVERAGE-16-DEC-2017 seems to selected in supplierCoverageHistoryLst dropdown]]>
    </line>
    <line>
      <![CDATA[displayBtn - having xpath 'By.id: disButton' clicked sucessfully]]>
    </line>
    <line>
      <![CDATA[dynamicCoverageCheckbox checkbox has been selected]]>
    </line>
    <line>
      <![CDATA[dynamicRouteTypeDropdown field is editable and the default value selected is None]]>
    </line>
    <line>
      <![CDATA[dynamicAlphaCheckboxAN checkbox in Unselected status]]>
    </line>
    <line>
      <![CDATA[dynamicShortCheckboxSC checkbox is in Unselected status]]>
    </line>
    <line>
      <![CDATA[dynamicLongCheckboxLN checkbox in Unselected status]]>
    </line>
    <line>
      <![CDATA[dynamicDlrCheckboxDR checkbox is in Unselected status]]>
    </line>
    <line>
      <![CDATA[AllfilesInFolder :1]]>
    </line>
    <line>
      <![CDATA[file: AVANTEL S.A.S.-AVANTEL-CO-MT-SMPP.csv]]>
    </line>
    <line>
      <![CDATA[deleted all files from download loaction]]>
    </line>
    <line>
      <![CDATA[exportImgBtn - having xpath 'By.xpath: //img[@src='/MessagingInstance/Images/export.png']' clicked sucessfully]]>
    </line>
    <line>
      <![CDATA[SupplierCoverage Page loaded successfully]]>
    </line>
    <line>
      <![CDATA[checking for download completed]]>
    </line>
    <line>
      <![CDATA[no downloads pending]]>
    </line>
    <line>
      <![CDATA[dowloaded file path: C:\selenium\files\2 DEGREES MOBILE LIMITED-2DEGREES-NZ-MT-SMPP.csv]]>
    </line>
    <line>
      <![CDATA[Successfully switched  to //iframe[@scrolling='no'] frame]]>
    </line>
    <line>
      <![CDATA[logout Successful]]>
    </line>
    <line>
      <![CDATA[Executing Test Case -TC_003 -with TestdataId : Data_06]]>
    </line>
    <line>
      <![CDATA[New CHROME LOCAL driver instantiated]]>
    </line>
    <line>
      <![CDATA[URL launched is : https://10.133.43.10:8443/MessagingInstance]]>
    </line>
    <line>
      <![CDATA[TATA Messaging Login Page appear/loaded successfully]]>
    </line>
    <line>
      <![CDATA[Username 'sonali.das@tatacommunications.com' entered sucessfully]]>
    </line>
    <line>
      <![CDATA[Password 'Welcome01' entered sucessfully]]>
    </line>
    <line>
      <![CDATA[Submit Btn clicked sucessfully]]>
    </line>
    <line>
      <![CDATA[MessagingInstanceHomePage Page loaded successfully]]>
    </line>
    <line>
      <![CDATA[Successfully switched  to //iframe[@scrolling='no'] frame]]>
    </line>
    <line>
      <![CDATA[TATA Messaging Home Page appear/loaded successfully]]>
    </line>
    <line>
      <![CDATA[After Login Screen verified sucessfully]]>
    </line>
    <line>
      <![CDATA[Successfully switched  to //iframe[@name='bottom'] frame]]>
    </line>
    <line>
      <![CDATA[Successfully switched  to index frame]]>
    </line>
    <line>
      <![CDATA[Navigation Bar appear/loaded successfully]]>
    </line>
    <line>
      <![CDATA[Supplier Coverage Management page opened sucessfully]]>
    </line>
    <line>
      <![CDATA[Successfully switched  to bottom frame]]>
    </line>
    <line>
      <![CDATA[Successfully switched  to target frame]]>
    </line>
    <line>
      <![CDATA[Selected - 'MO SMS' from the dropdown]]>
    </line>
    <line>
      <![CDATA[ Page loaded successfully]]>
    </line>
    <line>
      <![CDATA[Selected - 'CENBONG INT'L HOLDINGS LIMITED' from the dropdown]]>
    </line>
    <line>
      <![CDATA[ Page loaded successfully]]>
    </line>
    <line>
      <![CDATA[SupplierCoverage Page loaded successfully]]>
    </line>
    <line>
      <![CDATA[2 were obtianed from the supplierAccNameLstdropdown]]>
    </line>
    <line>
      <![CDATA[CENBONG-MO-SMPP seems to selected in supplierAccNameLst dropdown]]>
    </line>
    <line>
      <![CDATA[Selected - 'CENBONG-MO-SMPP' from the dropdown]]>
    </line>
    <line>
      <![CDATA[ Page loaded successfully]]>
    </line>
    <line>
      <![CDATA[SupplierCoverage Page loaded successfully]]>
    </line>
    <line>
      <![CDATA[6 were obtianed from the supplierCoverageHistoryLstdropdown]]>
    </line>
    <line>
      <![CDATA[Selected - '8626-COVERAGE-03-JUN-2016' from the dropdown]]>
    </line>
    <line>
      <![CDATA[ Page loaded successfully]]>
    </line>
    <line>
      <![CDATA[displayBtn - having xpath 'By.id: disButton' clicked sucessfully]]>
    </line>
    <line>
      <![CDATA[ Page loaded successfully]]>
    </line>
    <line>
      <![CDATA[Selected - '8101-COVERAGE-19-MAY-2016' from the dropdown]]>
    </line>
    <line>
      <![CDATA[ Page loaded successfully]]>
    </line>
    <line>
      <![CDATA[displayBtn - having xpath 'By.id: disButton' clicked sucessfully]]>
    </line>
    <line>
      <![CDATA[ Page loaded successfully]]>
    </line>
    <line>
      <![CDATA[Selected - '7777-COVERAGE-16-MAY-2016' from the dropdown]]>
    </line>
    <line>
      <![CDATA[ Page loaded successfully]]>
    </line>
    <line>
      <![CDATA[displayBtn - having xpath 'By.id: disButton' clicked sucessfully]]>
    </line>
    <line>
      <![CDATA[ Page loaded successfully]]>
    </line>
    <line>
      <![CDATA[Selected - '7774-COVERAGE-16-MAY-2016' from the dropdown]]>
    </line>
    <line>
      <![CDATA[ Page loaded successfully]]>
    </line>
    <line>
      <![CDATA[displayBtn - having xpath 'By.id: disButton' clicked sucessfully]]>
    </line>
    <line>
      <![CDATA[ Page loaded successfully]]>
    </line>
    <line>
      <![CDATA[Selected - '7720-COVERAGE-14-MAY-2016' from the dropdown]]>
    </line>
    <line>
      <![CDATA[ Page loaded successfully]]>
    </line>
    <line>
      <![CDATA[displayBtn - having xpath 'By.id: disButton' clicked sucessfully]]>
    </line>
    <line>
      <![CDATA[ Page loaded successfully]]>
    </line>
    <line>
      <![CDATA[Selected - '8626-COVERAGE-03-JUN-2016' from the dropdown]]>
    </line>
    <line>
      <![CDATA[ Page loaded successfully]]>
    </line>
    <line>
      <![CDATA[displayBtn - having xpath 'By.id: disButton' clicked sucessfully]]>
    </line>
    <line>
      <![CDATA[AllfilesInFolder :1]]>
    </line>
    <line>
      <![CDATA[file: 2 DEGREES MOBILE LIMITED-2DEGREES-NZ-MT-SMPP.csv]]>
    </line>
    <line>
      <![CDATA[deleted all files from download loaction]]>
    </line>
    <line>
      <![CDATA[exportImgBtn - having xpath 'By.xpath: //img[@src='/MessagingInstance/Images/export.png']' clicked sucessfully]]>
    </line>
    <line>
      <![CDATA[SupplierCoverage Page loaded successfully]]>
    </line>
    <line>
      <![CDATA[checking for download completed]]>
    </line>
    <line>
      <![CDATA[no downloads pending]]>
    </line>
    <line>
      <![CDATA[dowloaded file path: C:\selenium\files\CENBONG INT'L HOLDINGS LIMITED-CENBONG-MO-SMPP.csv]]>
    </line>
    <line>
      <![CDATA[Successfully switched  to //iframe[@scrolling='no'] frame]]>
    </line>
    <line>
      <![CDATA[logout Successful]]>
    </line>
    <line>
      <![CDATA[Executing Test Case -TC_003 -with TestdataId : Data_07]]>
    </line>
    <line>
      <![CDATA[New CHROME LOCAL driver instantiated]]>
    </line>
    <line>
      <![CDATA[URL launched is : https://10.133.43.10:8443/MessagingInstance]]>
    </line>
    <line>
      <![CDATA[TATA Messaging Login Page appear/loaded successfully]]>
    </line>
    <line>
      <![CDATA[Username 'sonali.das@tatacommunications.com' entered sucessfully]]>
    </line>
    <line>
      <![CDATA[Password 'Welcome01' entered sucessfully]]>
    </line>
    <line>
      <![CDATA[Submit Btn clicked sucessfully]]>
    </line>
    <line>
      <![CDATA[MessagingInstanceHomePage Page loaded successfully]]>
    </line>
    <line>
      <![CDATA[Successfully switched  to //iframe[@scrolling='no'] frame]]>
    </line>
    <line>
      <![CDATA[TATA Messaging Home Page appear/loaded successfully]]>
    </line>
    <line>
      <![CDATA[After Login Screen verified sucessfully]]>
    </line>
    <line>
      <![CDATA[Successfully switched  to //iframe[@name='bottom'] frame]]>
    </line>
    <line>
      <![CDATA[Successfully switched  to index frame]]>
    </line>
    <line>
      <![CDATA[Navigation Bar appear/loaded successfully]]>
    </line>
    <line>
      <![CDATA[Supplier Coverage Management page opened sucessfully]]>
    </line>
    <line>
      <![CDATA[Successfully switched  to bottom frame]]>
    </line>
    <line>
      <![CDATA[Successfully switched  to target frame]]>
    </line>
    <line>
      <![CDATA[Selected - 'Mobile LNS' from the dropdown]]>
    </line>
    <line>
      <![CDATA[ Page loaded successfully]]>
    </line>
    <line>
      <![CDATA[Selected - 'CLX NETWORKS AB' from the dropdown]]>
    </line>
    <line>
      <![CDATA[ Page loaded successfully]]>
    </line>
    <line>
      <![CDATA[SupplierCoverage Page loaded successfully]]>
    </line>
    <line>
      <![CDATA[2 were obtianed from the supplierAccNameLstdropdown]]>
    </line>
    <line>
      <![CDATA[CLX-MLNS-SMPP seems to selected in supplierAccNameLst dropdown]]>
    </line>
    <line>
      <![CDATA[Selected - 'CLX-MLNS-SMPP' from the dropdown]]>
    </line>
    <line>
      <![CDATA[ Page loaded successfully]]>
    </line>
    <line>
      <![CDATA[SupplierCoverage Page loaded successfully]]>
    </line>
    <line>
      <![CDATA[3 were obtianed from the supplierCoverageHistoryLstdropdown]]>
    </line>
    <line>
      <![CDATA[Selected - '8095-COVERAGE-19-MAY-2016' from the dropdown]]>
    </line>
    <line>
      <![CDATA[ Page loaded successfully]]>
    </line>
    <line>
      <![CDATA[displayBtn - having xpath 'By.id: disButton' clicked sucessfully]]>
    </line>
    <line>
      <![CDATA[ Page loaded successfully]]>
    </line>
    <line>
      <![CDATA[Selected - '8094-COVERAGE-19-MAY-2016' from the dropdown]]>
    </line>
    <line>
      <![CDATA[ Page loaded successfully]]>
    </line>
    <line>
      <![CDATA[displayBtn - having xpath 'By.id: disButton' clicked sucessfully]]>
    </line>
    <line>
      <![CDATA[ Page loaded successfully]]>
    </line>
    <line>
      <![CDATA[Selected - '8095-COVERAGE-19-MAY-2016' from the dropdown]]>
    </line>
    <line>
      <![CDATA[ Page loaded successfully]]>
    </line>
    <line>
      <![CDATA[displayBtn - having xpath 'By.id: disButton' clicked sucessfully]]>
    </line>
    <line>
      <![CDATA[AllfilesInFolder :1]]>
    </line>
    <line>
      <![CDATA[file: CENBONG INT'L HOLDINGS LIMITED-CENBONG-MO-SMPP.csv]]>
    </line>
    <line>
      <![CDATA[deleted all files from download loaction]]>
    </line>
    <line>
      <![CDATA[exportImgBtn - having xpath 'By.xpath: //img[@src='/MessagingInstance/Images/export.png']' clicked sucessfully]]>
    </line>
    <line>
      <![CDATA[SupplierCoverage Page loaded successfully]]>
    </line>
    <line>
      <![CDATA[checking for download completed]]>
    </line>
    <line>
      <![CDATA[no downloads pending]]>
    </line>
    <line>
      <![CDATA[dowloaded file path: C:\selenium\files\CLX NETWORKS AB-CLX-MLNS-SMPP.csv]]>
    </line>
    <line>
      <![CDATA[Successfully switched  to //iframe[@scrolling='no'] frame]]>
    </line>
    <line>
      <![CDATA[logout Successful]]>
    </line>
    <line>
      <![CDATA[Executing Test Case -TC_004 -with TestdataId : Data_08]]>
    </line>
    <line>
      <![CDATA[New CHROME LOCAL driver instantiated]]>
    </line>
    <line>
      <![CDATA[URL launched is : https://10.133.43.10:8443/MessagingInstance]]>
    </line>
    <line>
      <![CDATA[TATA Messaging Login Page appear/loaded successfully]]>
    </line>
    <line>
      <![CDATA[Username 'sonali.das@tatacommunications.com' entered sucessfully]]>
    </line>
    <line>
      <![CDATA[Password 'Welcome01' entered sucessfully]]>
    </line>
    <line>
      <![CDATA[Submit Btn clicked sucessfully]]>
    </line>
    <line>
      <![CDATA[MessagingInstanceHomePage Page loaded successfully]]>
    </line>
    <line>
      <![CDATA[Successfully switched  to //iframe[@scrolling='no'] frame]]>
    </line>
    <line>
      <![CDATA[TATA Messaging Home Page appear/loaded successfully]]>
    </line>
    <line>
      <![CDATA[After Login Screen verified sucessfully]]>
    </line>
    <line>
      <![CDATA[Successfully switched  to //iframe[@name='bottom'] frame]]>
    </line>
    <line>
      <![CDATA[Successfully switched  to index frame]]>
    </line>
    <line>
      <![CDATA[Navigation Bar appear/loaded successfully]]>
    </line>
    <line>
      <![CDATA[Supplier Coverage Management page opened sucessfully]]>
    </line>
    <line>
      <![CDATA[Successfully switched  to bottom frame]]>
    </line>
    <line>
      <![CDATA[Successfully switched  to target frame]]>
    </line>
    <line>
      <![CDATA[Selected - 'MT SMS' from the dropdown]]>
    </line>
    <line>
      <![CDATA[ Page loaded successfully]]>
    </line>
    <line>
      <![CDATA[Selected - '4PAY SYSTEM ROMANIA' from the dropdown]]>
    </line>
    <line>
      <![CDATA[ Page loaded successfully]]>
    </line>
    <line>
      <![CDATA[Selected - '4PAY Demo' from the dropdown]]>
    </line>
    <line>
      <![CDATA[ Page loaded successfully]]>
    </line>
    <line>
      <![CDATA[SupplierCoverage Page loaded successfully]]>
    </line>
    <line>
      <![CDATA[displayBtn - having xpath 'By.id: disButton' clicked sucessfully]]>
    </line>
    <line>
      <![CDATA[FirstRowRouteTypeDropdown field is editable]]>
    </line>
    <line>
      <![CDATA[FirstRowAlphaCheckboxAN field is editable]]>
    </line>
    <line>
      <![CDATA[FirstRowShortCheckboxSC field is editable]]>
    </line>
    <line>
      <![CDATA[FirstRowLongCheckboxLN field is editable]]>
    </line>
    <line>
      <![CDATA[FirstRowDlrCheckboxDR field is editable]]>
    </line>
    <line>
      <![CDATA[FirstRowCoverageCheckbox checkbox has been unselected]]>
    </line>
    <line>
      <![CDATA[FirstRowRouteTypeDropdown field is non-editable]]>
    </line>
    <line>
      <![CDATA[FirstRowAlphaCheckboxAN field is non editable]]>
    </line>
    <line>
      <![CDATA[FirstRowShortCheckboxSC field is non editable]]>
    </line>
    <line>
      <![CDATA[FirstRowLongCheckboxLN field is non editable]]>
    </line>
    <line>
      <![CDATA[FirstRowDlrCheckboxDR field is non editable]]>
    </line>
    <line>
      <![CDATA[Successfully switched  to //iframe[@scrolling='no'] frame]]>
    </line>
    <line>
      <![CDATA[logout Successful]]>
    </line>
  </reporter-output>
  <suite name="Suite" duration-ms="702219" started-at="2017-12-16T16:51:42Z" finished-at="2017-12-16T17:03:24Z">
    <groups>
    </groups>
    <test name="t1" duration-ms="61257" started-at="2017-12-16T16:51:42Z" finished-at="2017-12-16T16:52:43Z">
      <class name="com.tata.selenium.test.supplierCoverageCases.TC_001_SupplierCoverageUIValidation">
        <test-method status="PASS" signature="beforeMethod(java.lang.String)[pri:0, instance:com.tata.selenium.test.supplierCoverageCases.TC_001_SupplierCoverageUIValidation@799d4f69]" name="beforeMethod" is-config="true" duration-ms="441" started-at="2017-12-16T22:21:42Z" finished-at="2017-12-16T22:21:43Z">
          <params>
            <param index="0">
              <value>
                <![CDATA[TC_001]]>
              </value>
            </param>
          </params>
          <reporter-output>
          </reporter-output>
        </test-method> <!-- beforeMethod -->
        <test-method status="PASS" signature="DO(java.lang.String, java.lang.String)[pri:0, instance:com.tata.selenium.test.supplierCoverageCases.TC_001_SupplierCoverageUIValidation@799d4f69]" name="DO" duration-ms="58325" started-at="2017-12-16T22:21:43Z" finished-at="2017-12-16T22:22:41Z">
          <params>
            <param index="0">
              <value>
                <![CDATA[Data_01]]>
              </value>
            </param>
            <param index="1">
              <value>
                <![CDATA[TC_001]]>
              </value>
            </param>
          </params>
          <reporter-output>
            <line>
              <![CDATA[Executing Test Case -TC_001 -with TestdataId : Data_01]]>
            </line>
            <line>
              <![CDATA[New CHROME LOCAL driver instantiated]]>
            </line>
            <line>
              <![CDATA[URL launched is : https://10.133.43.10:8443/MessagingInstance]]>
            </line>
            <line>
              <![CDATA[TATA Messaging Login Page appear/loaded successfully]]>
            </line>
            <line>
              <![CDATA[Username 'sonali.das@tatacommunications.com' entered sucessfully]]>
            </line>
            <line>
              <![CDATA[Password 'Welcome01' entered sucessfully]]>
            </line>
            <line>
              <![CDATA[Submit Btn clicked sucessfully]]>
            </line>
            <line>
              <![CDATA[MessagingInstanceHomePage Page loaded successfully]]>
            </line>
            <line>
              <![CDATA[Successfully switched  to //iframe[@scrolling='no'] frame]]>
            </line>
            <line>
              <![CDATA[TATA Messaging Home Page appear/loaded successfully]]>
            </line>
            <line>
              <![CDATA[After Login Screen verified sucessfully]]>
            </line>
            <line>
              <![CDATA[Successfully switched  to //iframe[@name='bottom'] frame]]>
            </line>
            <line>
              <![CDATA[Successfully switched  to index frame]]>
            </line>
            <line>
              <![CDATA[Navigation Bar appear/loaded successfully]]>
            </line>
            <line>
              <![CDATA[Supplier Coverage Management page opened sucessfully]]>
            </line>
            <line>
              <![CDATA[Successfully switched  to bottom frame]]>
            </line>
            <line>
              <![CDATA[Successfully switched  to target frame]]>
            </line>
            <line>
              <![CDATA[supplierServiceLst field is editable and the default value selected is MT SMS]]>
            </line>
            <line>
              <![CDATA[supplierNameLst field is editable and the default value selected is --Select--]]>
            </line>
            <line>
              <![CDATA[supplierAccNameLst field is editable and the default value selected is --Select--]]>
            </line>
            <line>
              <![CDATA[supplierCoverageHistoryLst field is editable and the default value selected is --Select--]]>
            </line>
            <line>
              <![CDATA[displayBtn Element is present and displayed in the page]]>
            </line>
            <line>
              <![CDATA[cancelBtn Element is present and displayed in the page]]>
            </line>
            <line>
              <![CDATA[submitBtn Element is present and displayed in the page]]>
            </line>
            <line>
              <![CDATA[uploadBtn Element is present and displayed in the page]]>
            </line>
            <line>
              <![CDATA[Successfully switched  to //iframe[@scrolling='no'] frame]]>
            </line>
            <line>
              <![CDATA[logout Successful]]>
            </line>
          </reporter-output>
        </test-method> <!-- DO -->
        <test-method status="PASS" signature="afterMethodFailed(org.testng.ITestResult)[pri:0, instance:com.tata.selenium.test.supplierCoverageCases.TC_001_SupplierCoverageUIValidation@799d4f69]" name="afterMethodFailed" is-config="true" duration-ms="0" started-at="2017-12-16T22:22:41Z" finished-at="2017-12-16T22:22:41Z">
          <params>
            <param index="0">
              <value>
                <![CDATA[[TestResult name=DO status=SUCCESS method=TC_001_SupplierCoverageUIValidation.DO(java.lang.String, java.lang.String)[pri:0, instance:com.tata.selenium.test.supplierCoverageCases.TC_001_SupplierCoverageUIValidation@799d4f69] output=Executing Test Case -TC_001 -with TestdataId : Data_01]]]>
              </value>
            </param>
          </params>
          <reporter-output>
          </reporter-output>
        </test-method> <!-- afterMethodFailed -->
        <test-method status="PASS" signature="afterMethod(java.lang.String)[pri:0, instance:com.tata.selenium.test.supplierCoverageCases.TC_001_SupplierCoverageUIValidation@799d4f69]" name="afterMethod" is-config="true" duration-ms="2406" started-at="2017-12-16T22:22:41Z" depends-on-methods="com.tata.selenium.test.supplierCoverageCases.TC_001_SupplierCoverageUIValidation.afterMethodFailed" finished-at="2017-12-16T22:22:43Z">
          <params>
            <param index="0">
              <value>
                <![CDATA[TC_001]]>
              </value>
            </param>
          </params>
          <reporter-output>
          </reporter-output>
        </test-method> <!-- afterMethod -->
      </class> <!-- com.tata.selenium.test.supplierCoverageCases.TC_001_SupplierCoverageUIValidation -->
    </test> <!-- t1 -->
    <test name="t2" duration-ms="46739" started-at="2017-12-16T16:52:43Z" finished-at="2017-12-16T16:53:30Z">
      <class name="com.tata.selenium.test.supplierCoverageCases.TC_001_SupplierCoverageUIValidation">
        <test-method status="PASS" signature="beforeMethod(java.lang.String)[pri:0, instance:com.tata.selenium.test.supplierCoverageCases.TC_001_SupplierCoverageUIValidation@3e77a1ed]" name="beforeMethod" is-config="true" duration-ms="593" started-at="2017-12-16T22:22:43Z" finished-at="2017-12-16T22:22:44Z">
          <params>
            <param index="0">
              <value>
                <![CDATA[TC_001]]>
              </value>
            </param>
          </params>
          <reporter-output>
          </reporter-output>
        </test-method> <!-- beforeMethod -->
        <test-method status="PASS" signature="DO(java.lang.String, java.lang.String)[pri:0, instance:com.tata.selenium.test.supplierCoverageCases.TC_001_SupplierCoverageUIValidation@3e77a1ed]" name="DO" duration-ms="45041" started-at="2017-12-16T22:22:44Z" finished-at="2017-12-16T22:23:29Z">
          <params>
            <param index="0">
              <value>
                <![CDATA[Data_02]]>
              </value>
            </param>
            <param index="1">
              <value>
                <![CDATA[TC_001]]>
              </value>
            </param>
          </params>
          <reporter-output>
            <line>
              <![CDATA[Executing Test Case -TC_001 -with TestdataId : Data_02]]>
            </line>
            <line>
              <![CDATA[New CHROME LOCAL driver instantiated]]>
            </line>
            <line>
              <![CDATA[URL launched is : https://10.133.43.10:8443/MessagingInstance]]>
            </line>
            <line>
              <![CDATA[TATA Messaging Login Page appear/loaded successfully]]>
            </line>
            <line>
              <![CDATA[Username 'sonali.das@tatacommunications.com' entered sucessfully]]>
            </line>
            <line>
              <![CDATA[Password 'Welcome01' entered sucessfully]]>
            </line>
            <line>
              <![CDATA[Submit Btn clicked sucessfully]]>
            </line>
            <line>
              <![CDATA[MessagingInstanceHomePage Page loaded successfully]]>
            </line>
            <line>
              <![CDATA[Successfully switched  to //iframe[@scrolling='no'] frame]]>
            </line>
            <line>
              <![CDATA[TATA Messaging Home Page appear/loaded successfully]]>
            </line>
            <line>
              <![CDATA[After Login Screen verified sucessfully]]>
            </line>
            <line>
              <![CDATA[Successfully switched  to //iframe[@name='bottom'] frame]]>
            </line>
            <line>
              <![CDATA[Successfully switched  to index frame]]>
            </line>
            <line>
              <![CDATA[Navigation Bar appear/loaded successfully]]>
            </line>
            <line>
              <![CDATA[Supplier Coverage Management page opened sucessfully]]>
            </line>
            <line>
              <![CDATA[Successfully switched  to bottom frame]]>
            </line>
            <line>
              <![CDATA[Successfully switched  to target frame]]>
            </line>
            <line>
              <![CDATA[Selected - 'MO SMS' from the dropdown]]>
            </line>
            <line>
              <![CDATA[ Page loaded successfully]]>
            </line>
            <line>
              <![CDATA[ Page loaded successfully]]>
            </line>
            <line>
              <![CDATA[supplierNameLst field is editable and the default value selected is --Select--]]>
            </line>
            <line>
              <![CDATA[supplierAccNameLst field is editable and the default value selected is --Select--]]>
            </line>
            <line>
              <![CDATA[supplierCoverageHistoryLst field is editable and the default value selected is --Select--]]>
            </line>
            <line>
              <![CDATA[displayBtn Element is present and displayed in the page]]>
            </line>
            <line>
              <![CDATA[cancelBtn Element is present and displayed in the page]]>
            </line>
            <line>
              <![CDATA[Successfully switched  to //iframe[@scrolling='no'] frame]]>
            </line>
            <line>
              <![CDATA[logout Successful]]>
            </line>
          </reporter-output>
        </test-method> <!-- DO -->
        <test-method status="PASS" signature="afterMethod(java.lang.String)[pri:0, instance:com.tata.selenium.test.supplierCoverageCases.TC_001_SupplierCoverageUIValidation@3e77a1ed]" name="afterMethod" is-config="true" duration-ms="1100" started-at="2017-12-16T22:23:29Z" depends-on-methods="com.tata.selenium.test.supplierCoverageCases.TC_001_SupplierCoverageUIValidation.afterMethodFailed" finished-at="2017-12-16T22:23:30Z">
          <params>
            <param index="0">
              <value>
                <![CDATA[TC_001]]>
              </value>
            </param>
          </params>
          <reporter-output>
          </reporter-output>
        </test-method> <!-- afterMethod -->
        <test-method status="PASS" signature="afterMethodFailed(org.testng.ITestResult)[pri:0, instance:com.tata.selenium.test.supplierCoverageCases.TC_001_SupplierCoverageUIValidation@3e77a1ed]" name="afterMethodFailed" is-config="true" duration-ms="0" started-at="2017-12-16T22:23:29Z" finished-at="2017-12-16T22:23:29Z">
          <params>
            <param index="0">
              <value>
                <![CDATA[[TestResult name=DO status=SUCCESS method=TC_001_SupplierCoverageUIValidation.DO(java.lang.String, java.lang.String)[pri:0, instance:com.tata.selenium.test.supplierCoverageCases.TC_001_SupplierCoverageUIValidation@3e77a1ed] output=Executing Test Case -TC_001 -with TestdataId : Data_02]]]>
              </value>
            </param>
          </params>
          <reporter-output>
          </reporter-output>
        </test-method> <!-- afterMethodFailed -->
      </class> <!-- com.tata.selenium.test.supplierCoverageCases.TC_001_SupplierCoverageUIValidation -->
    </test> <!-- t2 -->
    <test name="t3" duration-ms="45837" started-at="2017-12-16T16:53:30Z" finished-at="2017-12-16T16:54:16Z">
      <class name="com.tata.selenium.test.supplierCoverageCases.TC_001_SupplierCoverageUIValidation">
        <test-method status="PASS" signature="beforeMethod(java.lang.String)[pri:0, instance:com.tata.selenium.test.supplierCoverageCases.TC_001_SupplierCoverageUIValidation@1372ed45]" name="beforeMethod" is-config="true" duration-ms="157" started-at="2017-12-16T22:23:30Z" finished-at="2017-12-16T22:23:30Z">
          <params>
            <param index="0">
              <value>
                <![CDATA[TC_001]]>
              </value>
            </param>
          </params>
          <reporter-output>
          </reporter-output>
        </test-method> <!-- beforeMethod -->
        <test-method status="PASS" signature="DO(java.lang.String, java.lang.String)[pri:0, instance:com.tata.selenium.test.supplierCoverageCases.TC_001_SupplierCoverageUIValidation@1372ed45]" name="DO" duration-ms="44617" started-at="2017-12-16T22:23:30Z" finished-at="2017-12-16T22:24:15Z">
          <params>
            <param index="0">
              <value>
                <![CDATA[Data_03]]>
              </value>
            </param>
            <param index="1">
              <value>
                <![CDATA[TC_001]]>
              </value>
            </param>
          </params>
          <reporter-output>
            <line>
              <![CDATA[Executing Test Case -TC_001 -with TestdataId : Data_03]]>
            </line>
            <line>
              <![CDATA[New CHROME LOCAL driver instantiated]]>
            </line>
            <line>
              <![CDATA[URL launched is : https://10.133.43.10:8443/MessagingInstance]]>
            </line>
            <line>
              <![CDATA[TATA Messaging Login Page appear/loaded successfully]]>
            </line>
            <line>
              <![CDATA[Username 'sonali.das@tatacommunications.com' entered sucessfully]]>
            </line>
            <line>
              <![CDATA[Password 'Welcome01' entered sucessfully]]>
            </line>
            <line>
              <![CDATA[Submit Btn clicked sucessfully]]>
            </line>
            <line>
              <![CDATA[MessagingInstanceHomePage Page loaded successfully]]>
            </line>
            <line>
              <![CDATA[Successfully switched  to //iframe[@scrolling='no'] frame]]>
            </line>
            <line>
              <![CDATA[TATA Messaging Home Page appear/loaded successfully]]>
            </line>
            <line>
              <![CDATA[After Login Screen verified sucessfully]]>
            </line>
            <line>
              <![CDATA[Successfully switched  to //iframe[@name='bottom'] frame]]>
            </line>
            <line>
              <![CDATA[Successfully switched  to index frame]]>
            </line>
            <line>
              <![CDATA[Navigation Bar appear/loaded successfully]]>
            </line>
            <line>
              <![CDATA[Supplier Coverage Management page opened sucessfully]]>
            </line>
            <line>
              <![CDATA[Successfully switched  to bottom frame]]>
            </line>
            <line>
              <![CDATA[Successfully switched  to target frame]]>
            </line>
            <line>
              <![CDATA[Selected - 'Mobile LNS' from the dropdown]]>
            </line>
            <line>
              <![CDATA[ Page loaded successfully]]>
            </line>
            <line>
              <![CDATA[ Page loaded successfully]]>
            </line>
            <line>
              <![CDATA[supplierNameLst field is editable and the default value selected is --Select--]]>
            </line>
            <line>
              <![CDATA[supplierAccNameLst field is editable and the default value selected is --Select--]]>
            </line>
            <line>
              <![CDATA[supplierCoverageHistoryLst field is editable and the default value selected is --Select--]]>
            </line>
            <line>
              <![CDATA[displayBtn Element is present and displayed in the page]]>
            </line>
            <line>
              <![CDATA[cancelBtn Element is present and displayed in the page]]>
            </line>
            <line>
              <![CDATA[Successfully switched  to //iframe[@scrolling='no'] frame]]>
            </line>
            <line>
              <![CDATA[logout Successful]]>
            </line>
          </reporter-output>
        </test-method> <!-- DO -->
        <test-method status="PASS" signature="afterMethodFailed(org.testng.ITestResult)[pri:0, instance:com.tata.selenium.test.supplierCoverageCases.TC_001_SupplierCoverageUIValidation@1372ed45]" name="afterMethodFailed" is-config="true" duration-ms="1" started-at="2017-12-16T22:24:15Z" finished-at="2017-12-16T22:24:15Z">
          <params>
            <param index="0">
              <value>
                <![CDATA[[TestResult name=DO status=SUCCESS method=TC_001_SupplierCoverageUIValidation.DO(java.lang.String, java.lang.String)[pri:0, instance:com.tata.selenium.test.supplierCoverageCases.TC_001_SupplierCoverageUIValidation@1372ed45] output=Executing Test Case -TC_001 -with TestdataId : Data_03]]]>
              </value>
            </param>
          </params>
          <reporter-output>
          </reporter-output>
        </test-method> <!-- afterMethodFailed -->
        <test-method status="PASS" signature="afterMethod(java.lang.String)[pri:0, instance:com.tata.selenium.test.supplierCoverageCases.TC_001_SupplierCoverageUIValidation@1372ed45]" name="afterMethod" is-config="true" duration-ms="1054" started-at="2017-12-16T22:24:15Z" depends-on-methods="com.tata.selenium.test.supplierCoverageCases.TC_001_SupplierCoverageUIValidation.afterMethodFailed" finished-at="2017-12-16T22:24:16Z">
          <params>
            <param index="0">
              <value>
                <![CDATA[TC_001]]>
              </value>
            </param>
          </params>
          <reporter-output>
          </reporter-output>
        </test-method> <!-- afterMethod -->
      </class> <!-- com.tata.selenium.test.supplierCoverageCases.TC_001_SupplierCoverageUIValidation -->
    </test> <!-- t3 -->
    <test name="t4" duration-ms="191587" started-at="2017-12-16T16:54:16Z" finished-at="2017-12-16T16:57:28Z">
      <class name="com.tata.selenium.test.supplierCoverageCases.TC_002_SupplierCoverageMTSMS">
        <test-method status="PASS" signature="beforeMethod(java.lang.String)[pri:0, instance:com.tata.selenium.test.supplierCoverageCases.TC_002_SupplierCoverageMTSMS@6c3f5566]" name="beforeMethod" is-config="true" duration-ms="217" started-at="2017-12-16T22:24:16Z" finished-at="2017-12-16T22:24:16Z">
          <params>
            <param index="0">
              <value>
                <![CDATA[TC_002]]>
              </value>
            </param>
          </params>
          <reporter-output>
          </reporter-output>
        </test-method> <!-- beforeMethod -->
        <test-method status="FAIL" signature="DO(java.lang.String, java.lang.String)[pri:0, instance:com.tata.selenium.test.supplierCoverageCases.TC_002_SupplierCoverageMTSMS@6c3f5566]" name="DO" duration-ms="189068" started-at="2017-12-16T22:24:16Z" finished-at="2017-12-16T22:27:25Z">
          <params>
            <param index="0">
              <value>
                <![CDATA[Data_04]]>
              </value>
            </param>
            <param index="1">
              <value>
                <![CDATA[TC_002]]>
              </value>
            </param>
          </params>
          <exception class="java.lang.AssertionError">
            <message>
              <![CDATA[Test case is having some failed/warning steps. Please check in the report]]>
            </message>
            <full-stacktrace>
              <![CDATA[java.lang.AssertionError: Test case is having some failed/warning steps. Please check in the report
	at org.testng.Assert.fail(Assert.java:94)
	at com.tata.selenium.utils.CommonUtils.checkRunStatus(CommonUtils.java:271)
	at com.tata.selenium.test.supplierCoverageCases.TC_002_SupplierCoverageMTSMS.DO(TC_002_SupplierCoverageMTSMS.java:212)
	at sun.reflect.NativeMethodAccessorImpl.invoke0(Native Method)
	at sun.reflect.NativeMethodAccessorImpl.invoke(Unknown Source)
	at sun.reflect.DelegatingMethodAccessorImpl.invoke(Unknown Source)
	at java.lang.reflect.Method.invoke(Unknown Source)
	at org.testng.internal.MethodInvocationHelper.invokeMethod(MethodInvocationHelper.java:100)
	at org.testng.internal.Invoker.invokeMethod(Invoker.java:646)
	at org.testng.internal.Invoker.invokeTestMethod(Invoker.java:811)
	at org.testng.internal.Invoker.invokeTestMethods(Invoker.java:1129)
	at org.testng.internal.TestMethodWorker.invokeTestMethods(TestMethodWorker.java:129)
	at org.testng.internal.TestMethodWorker.run(TestMethodWorker.java:112)
	at org.testng.TestRunner.privateRun(TestRunner.java:746)
	at org.testng.TestRunner.run(TestRunner.java:600)
	at org.testng.SuiteRunner.runTest(SuiteRunner.java:366)
	at org.testng.SuiteRunner.runSequentially(SuiteRunner.java:361)
	at org.testng.SuiteRunner.privateRun(SuiteRunner.java:319)
	at org.testng.SuiteRunner.run(SuiteRunner.java:268)
	at org.testng.SuiteRunnerWorker.runSuite(SuiteRunnerWorker.java:52)
	at org.testng.SuiteRunnerWorker.run(SuiteRunnerWorker.java:86)
	at org.testng.TestNG.runSuitesSequentially(TestNG.java:1264)
	at org.testng.TestNG.runSuitesLocally(TestNG.java:1189)
	at org.testng.TestNG.runSuites(TestNG.java:1104)
	at org.testng.TestNG.run(TestNG.java:1076)
	at org.testng.remote.AbstractRemoteTestNG.run(AbstractRemoteTestNG.java:126)
	at org.testng.remote.RemoteTestNG.initAndRun(RemoteTestNG.java:152)
	at org.testng.remote.RemoteTestNG.main(RemoteTestNG.java:57)
]]>
            </full-stacktrace>
          </exception> <!-- java.lang.AssertionError -->
          <reporter-output>
            <line>
              <![CDATA[Executing Test Case -TC_002 -with TestdataId : Data_04]]>
            </line>
            <line>
              <![CDATA[New CHROME LOCAL driver instantiated]]>
            </line>
            <line>
              <![CDATA[URL launched is : https://10.133.43.10:8443/MessagingInstance]]>
            </line>
            <line>
              <![CDATA[TATA Messaging Login Page appear/loaded successfully]]>
            </line>
            <line>
              <![CDATA[Username 'sonali.das@tatacommunications.com' entered sucessfully]]>
            </line>
            <line>
              <![CDATA[Password 'Welcome01' entered sucessfully]]>
            </line>
            <line>
              <![CDATA[Submit Btn clicked sucessfully]]>
            </line>
            <line>
              <![CDATA[MessagingInstanceHomePage Page loaded successfully]]>
            </line>
            <line>
              <![CDATA[Successfully switched  to //iframe[@scrolling='no'] frame]]>
            </line>
            <line>
              <![CDATA[TATA Messaging Home Page appear/loaded successfully]]>
            </line>
            <line>
              <![CDATA[After Login Screen verified sucessfully]]>
            </line>
            <line>
              <![CDATA[Successfully switched  to //iframe[@name='bottom'] frame]]>
            </line>
            <line>
              <![CDATA[Successfully switched  to index frame]]>
            </line>
            <line>
              <![CDATA[Navigation Bar appear/loaded successfully]]>
            </line>
            <line>
              <![CDATA[Supplier Coverage Management page opened sucessfully]]>
            </line>
            <line>
              <![CDATA[Successfully switched  to bottom frame]]>
            </line>
            <line>
              <![CDATA[Successfully switched  to target frame]]>
            </line>
            <line>
              <![CDATA[Selected - 'MT SMS' from the dropdown]]>
            </line>
            <line>
              <![CDATA[ Page loaded successfully]]>
            </line>
            <line>
              <![CDATA[Selected - 'AVANTEL S.A.S.' from the dropdown]]>
            </line>
            <line>
              <![CDATA[ Page loaded successfully]]>
            </line>
            <line>
              <![CDATA[36887-COVERAGE-20-SEP-2017 seems to selected in supplierCoverageHistoryLst dropdown]]>
            </line>
            <line>
              <![CDATA[SupplierCoverage Page loaded successfully]]>
            </line>
            <line>
              <![CDATA[2 were obtianed from the supplierAccNameLstdropdown]]>
            </line>
            <line>
              <![CDATA[AVANTEL-CO-MT-SMPP seems to selected in supplierAccNameLst dropdown]]>
            </line>
            <line>
              <![CDATA[Selected - 'AVANTEL-CO-MT-SMPP' from the dropdown]]>
            </line>
            <line>
              <![CDATA[ Page loaded successfully]]>
            </line>
            <line>
              <![CDATA[SupplierCoverage Page loaded successfully]]>
            </line>
            <line>
              <![CDATA[6 were obtianed from the supplierCoverageHistoryLstdropdown]]>
            </line>
            <line>
              <![CDATA[Selected - '36887-COVERAGE-20-SEP-2017' from the dropdown]]>
            </line>
            <line>
              <![CDATA[ Page loaded successfully]]>
            </line>
            <line>
              <![CDATA[displayBtn - having xpath 'By.id: disButton' clicked sucessfully]]>
            </line>
            <line>
              <![CDATA[ Page loaded successfully]]>
            </line>
            <line>
              <![CDATA[Selected - '36884-COVERAGE-20-SEP-2017' from the dropdown]]>
            </line>
            <line>
              <![CDATA[ Page loaded successfully]]>
            </line>
            <line>
              <![CDATA[displayBtn - having xpath 'By.id: disButton' clicked sucessfully]]>
            </line>
            <line>
              <![CDATA[ Page loaded successfully]]>
            </line>
            <line>
              <![CDATA[Selected - '36880-COVERAGE-20-SEP-2017' from the dropdown]]>
            </line>
            <line>
              <![CDATA[ Page loaded successfully]]>
            </line>
            <line>
              <![CDATA[displayBtn - having xpath 'By.id: disButton' clicked sucessfully]]>
            </line>
            <line>
              <![CDATA[ Page loaded successfully]]>
            </line>
            <line>
              <![CDATA[Selected - '36876-COVERAGE-19-SEP-2017' from the dropdown]]>
            </line>
            <line>
              <![CDATA[ Page loaded successfully]]>
            </line>
            <line>
              <![CDATA[displayBtn - having xpath 'By.id: disButton' clicked sucessfully]]>
            </line>
            <line>
              <![CDATA[ Page loaded successfully]]>
            </line>
            <line>
              <![CDATA[Selected - '36875-COVERAGE-19-SEP-2017' from the dropdown]]>
            </line>
            <line>
              <![CDATA[ Page loaded successfully]]>
            </line>
            <line>
              <![CDATA[displayBtn - having xpath 'By.id: disButton' clicked sucessfully]]>
            </line>
            <line>
              <![CDATA[ Page loaded successfully]]>
            </line>
            <line>
              <![CDATA[Selected - '36887-COVERAGE-20-SEP-2017' from the dropdown]]>
            </line>
            <line>
              <![CDATA[ Page loaded successfully]]>
            </line>
            <line>
              <![CDATA[displayBtn - having xpath 'By.id: disButton' clicked sucessfully]]>
            </line>
            <line>
              <![CDATA[None seems to selected in dynamicRouteTypeDropdown dropdown]]>
            </line>
            <line>
              <![CDATA[dynamicCoverageCheckbox checkbox in Selected status]]>
            </line>
            <line>
              <![CDATA[dynamicAlphaCheckboxAN checkbox in Selected status]]>
            </line>
            <line>
              <![CDATA[dynamicShortCheckboxSC checkbox in Unselected status]]>
            </line>
            <line>
              <![CDATA[dynamicLongCheckboxLN checkbox in Selected status]]>
            </line>
            <line>
              <![CDATA[dynamicDlrCheckboxDR checkbox in Unselected status]]>
            </line>
            <line>
              <![CDATA[dynamicCoverageCheckbox checkbox has been selected]]>
            </line>
            <line>
              <![CDATA[dynamicAlphaCheckboxAN checkbox has been unselected]]>
            </line>
            <line>
              <![CDATA[dynamicShortCheckboxSC checkbox has been unselected]]>
            </line>
            <line>
              <![CDATA[dynamicLongCheckboxLN checkbox has been unselected]]>
            </line>
            <line>
              <![CDATA[dynamicDlrCheckboxDR checkbox has been unselected]]>
            </line>
            <line>
              <![CDATA[submitBtn - having xpath 'By.id: submitButton' clicked sucessfully]]>
            </line>
            <line>
              <![CDATA[POP Up has appeared now]]>
            </line>
            <line>
              <![CDATA[Validation passed as Pop up is being displayed and it is  - Error: Please provide at least one Route feature.]]>
            </line>
            <line>
              <![CDATA[Successfully switched  to //iframe[@scrolling='no'] frame]]>
            </line>
            <line>
              <![CDATA[exchange - having xpath 'By.xpath: //a[@name='exchange']' clicked sucessfully]]>
            </line>
            <line>
              <![CDATA[ Page loaded successfully]]>
            </line>
            <line>
              <![CDATA[Successfully switched  to //iframe[@name='bottom'] frame]]>
            </line>
            <line>
              <![CDATA[Successfully switched  to index frame]]>
            </line>
            <line>
              <![CDATA[Navigation Bar appear/loaded successfully]]>
            </line>
            <line>
              <![CDATA[Supplier Coverage Management page opened sucessfully]]>
            </line>
            <line>
              <![CDATA[Successfully switched  to bottom frame]]>
            </line>
            <line>
              <![CDATA[Successfully switched  to target frame]]>
            </line>
            <line>
              <![CDATA[Selected - 'MT SMS' from the dropdown]]>
            </line>
            <line>
              <![CDATA[ Page loaded successfully]]>
            </line>
            <line>
              <![CDATA[Selected - 'AVANTEL S.A.S.' from the dropdown]]>
            </line>
            <line>
              <![CDATA[ Page loaded successfully]]>
            </line>
            <line>
              <![CDATA[SupplierCoverage Page loaded successfully]]>
            </line>
            <line>
              <![CDATA[Selected - 'AVANTEL-CO-MT-SMPP' from the dropdown]]>
            </line>
            <line>
              <![CDATA[ Page loaded successfully]]>
            </line>
            <line>
              <![CDATA[SupplierCoverage Page loaded successfully]]>
            </line>
            <line>
              <![CDATA[displayBtn - having xpath 'By.id: disButton' clicked sucessfully]]>
            </line>
            <line>
              <![CDATA[dynamicCoverageCheckbox checkbox has been unselected]]>
            </line>
            <line>
              <![CDATA[submitBtn - having xpath 'By.id: submitButton' clicked sucessfully]]>
            </line>
            <line>
[...]
            </line>
            <line>
              <![CDATA[ Page loaded successfully]]>
            </line>
            <line>
              <![CDATA[Selected - '8626-COVERAGE-03-JUN-2016' from the dropdown]]>
            </line>
            <line>
              <![CDATA[ Page loaded successfully]]>
            </line>
            <line>
              <![CDATA[displayBtn - having xpath 'By.id: disButton' clicked sucessfully]]>
            </line>
            <line>
              <![CDATA[AllfilesInFolder :1]]>
            </line>
            <line>
              <![CDATA[file: 2 DEGREES MOBILE LIMITED-2DEGREES-NZ-MT-SMPP.csv]]>
            </line>
            <line>
              <![CDATA[deleted all files from download loaction]]>
            </line>
            <line>
              <![CDATA[exportImgBtn - having xpath 'By.xpath: //img[@src='/MessagingInstance/Images/export.png']' clicked sucessfully]]>
            </line>
            <line>
              <![CDATA[SupplierCoverage Page loaded successfully]]>
            </line>
            <line>
              <![CDATA[checking for download completed]]>
            </line>
            <line>
              <![CDATA[no downloads pending]]>
            </line>
            <line>
              <![CDATA[dowloaded file path: C:\selenium\files\CENBONG INT'L HOLDINGS LIMITED-CENBONG-MO-SMPP.csv]]>
            </line>
            <line>
              <![CDATA[Successfully switched  to //iframe[@scrolling='no'] frame]]>
            </line>
            <line>
              <![CDATA[logout Successful]]>
            </line>
          </reporter-output>
        </test-method> <!-- DO -->
        <test-method status="PASS" signature="afterMethod(java.lang.String)[pri:0, instance:com.tata.selenium.test.supplierCoverageCases.TC_003_SupplierCoverageMOSMSAndMLNS@27c6e487]" name="afterMethod" is-config="true" duration-ms="1358" started-at="2017-12-16T22:31:36Z" depends-on-methods="com.tata.selenium.test.supplierCoverageCases.TC_003_SupplierCoverageMOSMSAndMLNS.afterMethodFailed" finished-at="2017-12-16T22:31:38Z">
          <params>
            <param index="0">
              <value>
                <![CDATA[TC_003]]>
              </value>
            </param>
          </params>
          <reporter-output>
          </reporter-output>
        </test-method> <!-- afterMethod -->
        <test-method status="PASS" signature="afterMethodFailed(org.testng.ITestResult)[pri:0, instance:com.tata.selenium.test.supplierCoverageCases.TC_003_SupplierCoverageMOSMSAndMLNS@27c6e487]" name="afterMethodFailed" is-config="true" duration-ms="0" started-at="2017-12-16T22:31:36Z" finished-at="2017-12-16T22:31:36Z">
          <params>
            <param index="0">
              <value>
                <![CDATA[[TestResult name=DO status=SUCCESS method=TC_003_SupplierCoverageMOSMSAndMLNS.DO(java.lang.String, java.lang.String)[pri:0, instance:com.tata.selenium.test.supplierCoverageCases.TC_003_SupplierCoverageMOSMSAndMLNS@27c6e487] output=Executing Test Case -TC_003 -with TestdataId : Data_06]]]>
              </value>
            </param>
          </params>
          <reporter-output>
          </reporter-output>
        </test-method> <!-- afterMethodFailed -->
      </class> <!-- com.tata.selenium.test.supplierCoverageCases.TC_003_SupplierCoverageMOSMSAndMLNS -->
    </test> <!-- t6 -->
    <test name="t7" duration-ms="50396" started-at="2017-12-16T17:01:38Z" finished-at="2017-12-16T17:02:28Z">
      <class name="com.tata.selenium.test.supplierCoverageCases.TC_003_SupplierCoverageMOSMSAndMLNS">
        <test-method status="PASS" signature="beforeMethod(java.lang.String)[pri:0, instance:com.tata.selenium.test.supplierCoverageCases.TC_003_SupplierCoverageMOSMSAndMLNS@1e9e725a]" name="beforeMethod" is-config="true" duration-ms="361" started-at="2017-12-16T22:31:38Z" finished-at="2017-12-16T22:31:38Z">
          <params>
            <param index="0">
              <value>
                <![CDATA[TC_003]]>
              </value>
            </param>
          </params>
          <reporter-output>
          </reporter-output>
        </test-method> <!-- beforeMethod -->
        <test-method status="PASS" signature="DO(java.lang.String, java.lang.String)[pri:0, instance:com.tata.selenium.test.supplierCoverageCases.TC_003_SupplierCoverageMOSMSAndMLNS@1e9e725a]" name="DO" duration-ms="48902" started-at="2017-12-16T22:31:38Z" finished-at="2017-12-16T22:32:27Z">
          <params>
            <param index="0">
              <value>
                <![CDATA[Data_07]]>
              </value>
            </param>
            <param index="1">
              <value>
                <![CDATA[TC_003]]>
              </value>
            </param>
          </params>
          <reporter-output>
            <line>
              <![CDATA[Executing Test Case -TC_003 -with TestdataId : Data_07]]>
            </line>
            <line>
              <![CDATA[New CHROME LOCAL driver instantiated]]>
            </line>
            <line>
              <![CDATA[URL launched is : https://10.133.43.10:8443/MessagingInstance]]>
            </line>
            <line>
              <![CDATA[TATA Messaging Login Page appear/loaded successfully]]>
            </line>
            <line>
              <![CDATA[Username 'sonali.das@tatacommunications.com' entered sucessfully]]>
            </line>
            <line>
              <![CDATA[Password 'Welcome01' entered sucessfully]]>
            </line>
            <line>
              <![CDATA[Submit Btn clicked sucessfully]]>
            </line>
            <line>
              <![CDATA[MessagingInstanceHomePage Page loaded successfully]]>
            </line>
            <line>
              <![CDATA[Successfully switched  to //iframe[@scrolling='no'] frame]]>
            </line>
            <line>
              <![CDATA[TATA Messaging Home Page appear/loaded successfully]]>
            </line>
            <line>
              <![CDATA[After Login Screen verified sucessfully]]>
            </line>
            <line>
              <![CDATA[Successfully switched  to //iframe[@name='bottom'] frame]]>
            </line>
            <line>
              <![CDATA[Successfully switched  to index frame]]>
            </line>
            <line>
              <![CDATA[Navigation Bar appear/loaded successfully]]>
            </line>
            <line>
              <![CDATA[Supplier Coverage Management page opened sucessfully]]>
            </line>
            <line>
              <![CDATA[Successfully switched  to bottom frame]]>
            </line>
            <line>
              <![CDATA[Successfully switched  to target frame]]>
            </line>
            <line>
              <![CDATA[Selected - 'Mobile LNS' from the dropdown]]>
            </line>
            <line>
              <![CDATA[ Page loaded successfully]]>
            </line>
            <line>
              <![CDATA[Selected - 'CLX NETWORKS AB' from the dropdown]]>
            </line>
            <line>
              <![CDATA[ Page loaded successfully]]>
            </line>
            <line>
              <![CDATA[SupplierCoverage Page loaded successfully]]>
            </line>
            <line>
              <![CDATA[2 were obtianed from the supplierAccNameLstdropdown]]>
            </line>
            <line>
              <![CDATA[CLX-MLNS-SMPP seems to selected in supplierAccNameLst dropdown]]>
            </line>
            <line>
              <![CDATA[Selected - 'CLX-MLNS-SMPP' from the dropdown]]>
            </line>
            <line>
              <![CDATA[ Page loaded successfully]]>
            </line>
            <line>
              <![CDATA[SupplierCoverage Page loaded successfully]]>
            </line>
            <line>
              <![CDATA[3 were obtianed from the supplierCoverageHistoryLstdropdown]]>
            </line>
            <line>
              <![CDATA[Selected - '8095-COVERAGE-19-MAY-2016' from the dropdown]]>
            </line>
            <line>
              <![CDATA[ Page loaded successfully]]>
            </line>
            <line>
              <![CDATA[displayBtn - having xpath 'By.id: disButton' clicked sucessfully]]>
            </line>
            <line>
              <![CDATA[ Page loaded successfully]]>
            </line>
            <line>
              <![CDATA[Selected - '8094-COVERAGE-19-MAY-2016' from the dropdown]]>
            </line>
            <line>
              <![CDATA[ Page loaded successfully]]>
            </line>
            <line>
              <![CDATA[displayBtn - having xpath 'By.id: disButton' clicked sucessfully]]>
            </line>
            <line>
              <![CDATA[ Page loaded successfully]]>
            </line>
            <line>
              <![CDATA[Selected - '8095-COVERAGE-19-MAY-2016' from the dropdown]]>
            </line>
            <line>
              <![CDATA[ Page loaded successfully]]>
            </line>
            <line>
              <![CDATA[displayBtn - having xpath 'By.id: disButton' clicked sucessfully]]>
            </line>
            <line>
              <![CDATA[AllfilesInFolder :1]]>
            </line>
            <line>
              <![CDATA[file: CENBONG INT'L HOLDINGS LIMITED-CENBONG-MO-SMPP.csv]]>
            </line>
            <line>
              <![CDATA[deleted all files from download loaction]]>
            </line>
            <line>
              <![CDATA[exportImgBtn - having xpath 'By.xpath: //img[@src='/MessagingInstance/Images/export.png']' clicked sucessfully]]>
            </line>
            <line>
              <![CDATA[SupplierCoverage Page loaded successfully]]>
            </line>
            <line>
              <![CDATA[checking for download completed]]>
            </line>
            <line>
              <![CDATA[no downloads pending]]>
            </line>
            <line>
              <![CDATA[dowloaded file path: C:\selenium\files\CLX NETWORKS AB-CLX-MLNS-SMPP.csv]]>
            </line>
            <line>
              <![CDATA[Successfully switched  to //iframe[@scrolling='no'] frame]]>
            </line>
            <line>
              <![CDATA[logout Successful]]>
            </line>
          </reporter-output>
        </test-method> <!-- DO -->
        <test-method status="PASS" signature="afterMethodFailed(org.testng.ITestResult)[pri:0, instance:com.tata.selenium.test.supplierCoverageCases.TC_003_SupplierCoverageMOSMSAndMLNS@1e9e725a]" name="afterMethodFailed" is-config="true" duration-ms="0" started-at="2017-12-16T22:32:27Z" finished-at="2017-12-16T22:32:27Z">
          <params>
            <param index="0">
              <value>
                <![CDATA[[TestResult name=DO status=SUCCESS method=TC_003_SupplierCoverageMOSMSAndMLNS.DO(java.lang.String, java.lang.String)[pri:0, instance:com.tata.selenium.test.supplierCoverageCases.TC_003_SupplierCoverageMOSMSAndMLNS@1e9e725a] output=Executing Test Case -TC_003 -with TestdataId : Data_07]]]>
              </value>
            </param>
          </params>
          <reporter-output>
          </reporter-output>
        </test-method> <!-- afterMethodFailed -->
        <test-method status="PASS" signature="afterMethod(java.lang.String)[pri:0, instance:com.tata.selenium.test.supplierCoverageCases.TC_003_SupplierCoverageMOSMSAndMLNS@1e9e725a]" name="afterMethod" is-config="true" duration-ms="1128" started-at="2017-12-16T22:32:27Z" depends-on-methods="com.tata.selenium.test.supplierCoverageCases.TC_003_SupplierCoverageMOSMSAndMLNS.afterMethodFailed" finished-at="2017-12-16T22:32:28Z">
          <params>
            <param index="0">
              <value>
                <![CDATA[TC_003]]>
              </value>
            </param>
          </params>
          <reporter-output>
          </reporter-output>
        </test-method> <!-- afterMethod -->
      </class> <!-- com.tata.selenium.test.supplierCoverageCases.TC_003_SupplierCoverageMOSMSAndMLNS -->
    </test> <!-- t7 -->
    <test name="t8" duration-ms="56078" started-at="2017-12-16T17:02:28Z" finished-at="2017-12-16T17:03:24Z">
      <class name="com.tata.selenium.test.supplierCoverageCases.TC_004_SupplierCoverageMTSMSEditableFunctionality">
        <test-method status="PASS" signature="beforeMethod(java.lang.String)[pri:0, instance:com.tata.selenium.test.supplierCoverageCases.TC_004_SupplierCoverageMTSMSEditableFunctionality@221af3c0]" name="beforeMethod" is-config="true" duration-ms="429" started-at="2017-12-16T22:32:28Z" finished-at="2017-12-16T22:32:29Z">
          <params>
            <param index="0">
              <value>
                <![CDATA[TC_004]]>
              </value>
            </param>
          </params>
          <reporter-output>
          </reporter-output>
        </test-method> <!-- beforeMethod -->
        <test-method status="PASS" signature="DO(java.lang.String, java.lang.String)[pri:0, instance:com.tata.selenium.test.supplierCoverageCases.TC_004_SupplierCoverageMTSMSEditableFunctionality@221af3c0]" name="DO" duration-ms="54431" started-at="2017-12-16T22:32:29Z" finished-at="2017-12-16T22:33:23Z">
          <params>
            <param index="0">
              <value>
                <![CDATA[Data_08]]>
              </value>
            </param>
            <param index="1">
              <value>
                <![CDATA[TC_004]]>
              </value>
            </param>
          </params>
          <reporter-output>
            <line>
              <![CDATA[Executing Test Case -TC_004 -with TestdataId : Data_08]]>
            </line>
            <line>
              <![CDATA[New CHROME LOCAL driver instantiated]]>
            </line>
            <line>
              <![CDATA[URL launched is : https://10.133.43.10:8443/MessagingInstance]]>
            </line>
            <line>
              <![CDATA[TATA Messaging Login Page appear/loaded successfully]]>
            </line>
            <line>
              <![CDATA[Username 'sonali.das@tatacommunications.com' entered sucessfully]]>
            </line>
            <line>
              <![CDATA[Password 'Welcome01' entered sucessfully]]>
            </line>
            <line>
              <![CDATA[Submit Btn clicked sucessfully]]>
            </line>
            <line>
              <![CDATA[MessagingInstanceHomePage Page loaded successfully]]>
            </line>
            <line>
              <![CDATA[Successfully switched  to //iframe[@scrolling='no'] frame]]>
            </line>
            <line>
              <![CDATA[TATA Messaging Home Page appear/loaded successfully]]>
            </line>
            <line>
              <![CDATA[After Login Screen verified sucessfully]]>
            </line>
            <line>
              <![CDATA[Successfully switched  to //iframe[@name='bottom'] frame]]>
            </line>
            <line>
              <![CDATA[Successfully switched  to index frame]]>
            </line>
            <line>
              <![CDATA[Navigation Bar appear/loaded successfully]]>
            </line>
            <line>
              <![CDATA[Supplier Coverage Management page opened sucessfully]]>
            </line>
            <line>
              <![CDATA[Successfully switched  to bottom frame]]>
            </line>
            <line>
              <![CDATA[Successfully switched  to target frame]]>
            </line>
            <line>
              <![CDATA[Selected - 'MT SMS' from the dropdown]]>
            </line>
            <line>
              <![CDATA[ Page loaded successfully]]>
            </line>
            <line>
              <![CDATA[Selected - '4PAY SYSTEM ROMANIA' from the dropdown]]>
            </line>
            <line>
              <![CDATA[ Page loaded successfully]]>
            </line>
            <line>
              <![CDATA[Selected - '4PAY Demo' from the dropdown]]>
            </line>
            <line>
              <![CDATA[ Page loaded successfully]]>
            </line>
            <line>
              <![CDATA[SupplierCoverage Page loaded successfully]]>
            </line>
            <line>
              <![CDATA[displayBtn - having xpath 'By.id: disButton' clicked sucessfully]]>
            </line>
            <line>
              <![CDATA[FirstRowRouteTypeDropdown field is editable]]>
            </line>
            <line>
              <![CDATA[FirstRowAlphaCheckboxAN field is editable]]>
            </line>
            <line>
              <![CDATA[FirstRowShortCheckboxSC field is editable]]>
            </line>
            <line>
              <![CDATA[FirstRowLongCheckboxLN field is editable]]>
            </line>
            <line>
              <![CDATA[FirstRowDlrCheckboxDR field is editable]]>
            </line>
            <line>
              <![CDATA[FirstRowCoverageCheckbox checkbox has been unselected]]>
            </line>
            <line>
              <![CDATA[FirstRowRouteTypeDropdown field is non-editable]]>
            </line>
            <line>
              <![CDATA[FirstRowAlphaCheckboxAN field is non editable]]>
            </line>
            <line>
              <![CDATA[FirstRowShortCheckboxSC field is non editable]]>
            </line>
            <line>
              <![CDATA[FirstRowLongCheckboxLN field is non editable]]>
            </line>
            <line>
              <![CDATA[FirstRowDlrCheckboxDR field is non editable]]>
            </line>
            <line>
              <![CDATA[Successfully switched  to //iframe[@scrolling='no'] frame]]>
            </line>
            <line>
              <![CDATA[logout Successful]]>
            </line>
          </reporter-output>
        </test-method> <!-- DO -->
        <test-method status="PASS" signature="afterMethodFailed(org.testng.ITestResult)[pri:0, instance:com.tata.selenium.test.supplierCoverageCases.TC_004_SupplierCoverageMTSMSEditableFunctionality@221af3c0]" name="afterMethodFailed" is-config="true" duration-ms="1" started-at="2017-12-16T22:33:23Z" finished-at="2017-12-16T22:33:23Z">
          <params>
            <param index="0">
              <value>
                <![CDATA[[TestResult name=DO status=SUCCESS method=TC_004_SupplierCoverageMTSMSEditableFunctionality.DO(java.lang.String, java.lang.String)[pri:0, instance:com.tata.selenium.test.supplierCoverageCases.TC_004_SupplierCoverageMTSMSEditableFunctionality@221af3c0] output=Executing Test Case -TC_004 -with TestdataId : Data_08]]]>
              </value>
            </param>
          </params>
          <reporter-output>
          </reporter-output>
        </test-method> <!-- afterMethodFailed -->
        <test-method status="PASS" signature="afterMethod(java.lang.String)[pri:0, instance:com.tata.selenium.test.supplierCoverageCases.TC_004_SupplierCoverageMTSMSEditableFunctionality@221af3c0]" name="afterMethod" is-config="true" duration-ms="1214" started-at="2017-12-16T22:33:23Z" depends-on-methods="com.tata.selenium.test.supplierCoverageCases.TC_004_SupplierCoverageMTSMSEditableFunctionality.afterMethodFailed" finished-at="2017-12-16T22:33:24Z">
          <params>
            <param index="0">
              <value>
                <![CDATA[TC_004]]>
              </value>
            </param>
          </params>
          <reporter-output>
          </reporter-output>
        </test-method> <!-- afterMethod -->
      </class> <!-- com.tata.selenium.test.supplierCoverageCases.TC_004_SupplierCoverageMTSMSEditableFunctionality -->
    </test> <!-- t8 -->
  </suite> <!-- Suite -->
</testng-results>
