<?xml version="1.0" encoding="UTF-8"?>
<testng-results skipped="0" failed="1" total="4" passed="3">
  <reporter-output>
    <line>
      <![CDATA[Executing Test Case -TC_05 -with TestdataId : Data_06]]>
    </line>
    <line>
      <![CDATA[New CHROME LOCAL driver instantiated]]>
    </line>
    <line>
      <![CDATA[URL launched is : https://10.133.43.10:8443/MessagingInstance]]>
    </line>
    <line>
      <![CDATA[TATA Messaging Login Page appear/loaded successfully]]>
    </line>
    <line>
      <![CDATA[Username 'sonali.das@tatacommunications.com' entered sucessfully]]>
    </line>
    <line>
      <![CDATA[Password 'Welcome01' entered sucessfully]]>
    </line>
    <line>
      <![CDATA[Submit Btn clicked sucessfully]]>
    </line>
    <line>
      <![CDATA[MessagingInstanceHomePage Page loaded successfully]]>
    </line>
    <line>
      <![CDATA[Successfully switched  to //iframe[@scrolling='no'] frame]]>
    </line>
    <line>
      <![CDATA[TATA Messaging Home Page appear/loaded successfully]]>
    </line>
    <line>
      <![CDATA[After Login Screen verified sucessfully]]>
    </line>
    <line>
      <![CDATA[Successfully switched  to //iframe[@name='bottom'] frame]]>
    </line>
    <line>
      <![CDATA[Successfully switched  to index frame]]>
    </line>
    <line>
      <![CDATA[Navigation Bar appear/loaded successfully]]>
    </line>
    <line>
      <![CDATA[Inventory Number Inventory page opened sucessfully]]>
    </line>
    <line>
      <![CDATA[Successfully switched  to bottom frame]]>
    </line>
    <line>
      <![CDATA[Successfully switched  to target frame]]>
    </line>
    <line>
      <![CDATA[Number_Inventory_SubmitBtn - having xpath 'By.xpath: //input[@id='submitButton']' clicked sucessfully]]>
    </line>
    <line>
      <![CDATA[POP Up has appeared now]]>
    </line>
    <line>
      <![CDATA[Validation passed as Pop up is being displayed and it is  - Error: Please add a number to submit to the inventory.]]>
    </line>
    <line>
      <![CDATA[Add_Inventory - having xpath 'By.id: addFlag' clicked sucessfully]]>
    </line>
    <line>
      <![CDATA[Selected - 'TYNTEC LTD.' from the dropdown]]>
    </line>
    <line>
      <![CDATA[ Page loaded successfully]]>
    </line>
    <line>
      <![CDATA[Selected - 'LN' from the dropdown]]>
    </line>
    <line>
      <![CDATA[ Page loaded successfully]]>
    </line>
    <line>
      <![CDATA[Selected - 'ABKHAZIA' from the dropdown]]>
    </line>
    <line>
      <![CDATA[ Page loaded successfully]]>
    </line>
    <line>
      <![CDATA[Number Inventory Page loaded successfully]]>
    </line>
    <line>
      <![CDATA[Selected - '2018' from the dropdown]]>
    </line>
    <line>
      <![CDATA[ Page loaded successfully]]>
    </line>
    <line>
      <![CDATA[ Page loaded successfully]]>
    </line>
    <line>
      <![CDATA[Number_Inventory_NumbersTxt - having xpath 'By.xpath: //td/textarea[@id='numbers']' clicked sucessfully]]>
    </line>
    <line>
      <![CDATA[Selected - '2018' from the dropdown]]>
    </line>
    <line>
      <![CDATA[ Page loaded successfully]]>
    </line>
    <line>
      <![CDATA[ Page loaded successfully]]>
    </line>
    <line>
      <![CDATA[Number_Inventory_NumbersTxt - having xpath 'By.xpath: //td/textarea[@id='numbers']' clicked sucessfully]]>
    </line>
    <line>
      <![CDATA[Number_Inventory_AddBtn - having xpath 'By.xpath: //input[@id='addButton']' clicked sucessfully]]>
    </line>
    <line>
      <![CDATA[ Page loaded successfully]]>
    </line>
    <line>
      <![CDATA[Number_Inventory_SubmitBtn - having xpath 'By.xpath: //input[@id='submitButton']' clicked sucessfully]]>
    </line>
    <line>
      <![CDATA[ Page loaded successfully]]>
    </line>
    <line>
      <![CDATA[org.openqa.selenium.NoSuchElementException: no such element: Unable to locate element: {"method":"xpath","selector":"//div[@id='popup_message']"}
  (Session info: chrome=63.0.3239.84)
  (Driver info: chromedriver=2.33.506120 (e3e53437346286c0bc2d2dc9aa4915ba81d9023f),platform=Windows NT 10.0.16299 x86_64) (WARNING: The server did not provide any stacktrace information)
Command duration or timeout: 3.06 seconds
For documentation on this error, please visit: http://seleniumhq.org/exceptions/no_such_element.html
Build info: version: '3.3.1', revision: '5234b325d5', time: '2017-03-10 09:10:29 +0000'
System info: host: 'PAVILION', ip: '10.149.232.15', os.name: 'Windows 10', os.arch: 'amd64', os.version: '10.0', java.version: '1.8.0_77'
Driver info: org.openqa.selenium.chrome.ChromeDriver
Capabilities [{applicationCacheEnabled=false, rotatable=false, mobileEmulationEnabled=false, networkConnectionEnabled=false, chrome={chromedriverVersion=2.33.506120 (e3e53437346286c0bc2d2dc9aa4915ba81d9023f), userDataDir=C:\Users\Hp\AppData\Local\Temp\scoped_dir5660_6550}, takesHeapSnapshot=true, pageLoadStrategy=normal, databaseEnabled=false, handlesAlerts=true, hasTouchScreen=false, version=63.0.3239.84, platform=XP, browserConnectionEnabled=false, nativeEvents=true, acceptSslCerts=true, locationContextEnabled=true, webStorageEnabled=true, browserName=chrome, takesScreenshot=true, javascriptEnabled=true, cssSelectorsEnabled=true, setWindowRect=true, unexpectedAlertBehaviour=}]
Session ID: e643e8bdd47dc6a2c68371a5a6b62acc
*** Element info: {Using=xpath, value=//div[@id='popup_message']}]]>
    </line>
    <line>
      <![CDATA[POP Up has appeared now]]>
    </line>
    <line>
      <![CDATA[Validation passed as Pop up is being displayed and it is  - SC / LN successfully added to the inventory. You will receive a confirmation email for reference.]]>
    </line>
    <line>
      <![CDATA[pdfEmbed element Exist]]>
    </line>
    <line>
      <![CDATA[Successfully switched  to //iframe[@scrolling='no'] frame]]>
    </line>
    <line>
      <![CDATA[logout Successful]]>
    </line>
    <line>
      <![CDATA[Executing Test Case -TC_06 -with TestdataId : Data_07]]>
    </line>
    <line>
      <![CDATA[New CHROME LOCAL driver instantiated]]>
    </line>
    <line>
      <![CDATA[URL launched is : https://10.133.43.10:8443/MessagingInstance]]>
    </line>
    <line>
      <![CDATA[TATA Messaging Login Page appear/loaded successfully]]>
    </line>
    <line>
      <![CDATA[Username 'sonali.das@tatacommunications.com' entered sucessfully]]>
    </line>
    <line>
      <![CDATA[Password 'Welcome01' entered sucessfully]]>
    </line>
    <line>
      <![CDATA[Submit Btn clicked sucessfully]]>
    </line>
    <line>
      <![CDATA[MessagingInstanceHomePage Page loaded successfully]]>
    </line>
    <line>
      <![CDATA[Successfully switched  to //iframe[@scrolling='no'] frame]]>
    </line>
    <line>
      <![CDATA[TATA Messaging Home Page appear/loaded successfully]]>
    </line>
    <line>
      <![CDATA[After Login Screen verified sucessfully]]>
    </line>
    <line>
      <![CDATA[Successfully switched  to //iframe[@name='bottom'] frame]]>
    </line>
    <line>
      <![CDATA[Successfully switched  to index frame]]>
    </line>
    <line>
      <![CDATA[Navigation Bar appear/loaded successfully]]>
    </line>
    <line>
      <![CDATA[Inventory Number Inventory page opened sucessfully]]>
    </line>
    <line>
      <![CDATA[Successfully switched  to bottom frame]]>
    </line>
    <line>
      <![CDATA[Successfully switched  to target frame]]>
    </line>
    <line>
      <![CDATA[Add_Inventory - having xpath 'By.id: addFlag' clicked sucessfully]]>
    </line>
    <line>
      <![CDATA[Selected - 'TYNTEC LTD.' from the dropdown]]>
    </line>
    <line>
      <![CDATA[ Page loaded successfully]]>
    </line>
    <line>
      <![CDATA[Selected - 'LN' from the dropdown]]>
    </line>
    <line>
      <![CDATA[ Page loaded successfully]]>
    </line>
    <line>
      <![CDATA[Selected - 'ABKHAZIA' from the dropdown]]>
    </line>
    <line>
      <![CDATA[ Page loaded successfully]]>
    </line>
    <line>
      <![CDATA[Number Inventory Page loaded successfully]]>
    </line>
    <line>
      <![CDATA[Selected - '2018' from the dropdown]]>
    </line>
    <line>
      <![CDATA[ Page loaded successfully]]>
    </line>
    <line>
      <![CDATA[ Page loaded successfully]]>
    </line>
    <line>
      <![CDATA[Number_Inventory_NumbersTxt - having xpath 'By.xpath: //td/textarea[@id='numbers']' clicked sucessfully]]>
    </line>
    <line>
      <![CDATA[Selected - '2018' from the dropdown]]>
    </line>
    <line>
      <![CDATA[ Page loaded successfully]]>
    </line>
    <line>
      <![CDATA[ Page loaded successfully]]>
    </line>
    <line>
      <![CDATA[Number_Inventory_NumbersTxt - having xpath 'By.xpath: //td/textarea[@id='numbers']' clicked sucessfully]]>
    </line>
    <line>
      <![CDATA[Number_Inventory_AddBtn - having xpath 'By.xpath: //input[@id='addButton']' clicked sucessfully]]>
    </line>
    <line>
      <![CDATA[ Page loaded successfully]]>
    </line>
    <line>
      <![CDATA[POP Up has appeared now]]>
    </line>
    <line>
      <![CDATA[Appeared Pop is  - Error: To Date should be greater than or equal to From.  but expected POP Up was Error: To Date should be greater than or equal to From]]>
    </line>
    <line>
      <![CDATA[Number_Inventory_SubmitBtn - having xpath 'By.xpath: //input[@id='submitButton']' clicked sucessfully]]>
    </line>
    <line>
      <![CDATA[ Page loaded successfully]]>
    </line>
    <line>
      <![CDATA[POP Up has appeared now]]>
    </line>
    <line>
      <![CDATA[Appeared Pop is  - Error: Please add a number to submit to the inventory.  but expected POP Up was Error: Please add a number to submit to the inventory]]>
    </line>
    <line>
      <![CDATA[Successfully switched  to //iframe[@scrolling='no'] frame]]>
    </line>
    <line>
      <![CDATA[logout Successful]]>
    </line>
    <line>
      <![CDATA[Executing Test Case -TC_07 -with TestdataId : Data_08]]>
    </line>
    <line>
      <![CDATA[New CHROME LOCAL driver instantiated]]>
    </line>
    <line>
      <![CDATA[URL launched is : https://10.133.43.10:8443/MessagingInstance]]>
    </line>
    <line>
      <![CDATA[TATA Messaging Login Page appear/loaded successfully]]>
    </line>
    <line>
      <![CDATA[Username 'sonali.das@tatacommunications.com' entered sucessfully]]>
    </line>
    <line>
      <![CDATA[Password 'Welcome01' entered sucessfully]]>
    </line>
    <line>
      <![CDATA[Submit Btn clicked sucessfully]]>
    </line>
    <line>
      <![CDATA[MessagingInstanceHomePage Page loaded successfully]]>
    </line>
    <line>
      <![CDATA[Successfully switched  to //iframe[@scrolling='no'] frame]]>
    </line>
    <line>
      <![CDATA[TATA Messaging Home Page appear/loaded successfully]]>
    </line>
    <line>
      <![CDATA[After Login Screen verified sucessfully]]>
    </line>
    <line>
      <![CDATA[Successfully switched  to //iframe[@name='bottom'] frame]]>
    </line>
    <line>
      <![CDATA[Successfully switched  to index frame]]>
    </line>
    <line>
      <![CDATA[Navigation Bar appear/loaded successfully]]>
    </line>
    <line>
      <![CDATA[Inventory Number Inventory page opened sucessfully]]>
    </line>
    <line>
      <![CDATA[Successfully switched  to bottom frame]]>
    </line>
    <line>
      <![CDATA[Successfully switched  to target frame]]>
    </line>
    <line>
      <![CDATA[Add_Inventory - having xpath 'By.id: addFlag' clicked sucessfully]]>
    </line>
    <line>
      <![CDATA[Selected - 'TYNTEC LTD.' from the dropdown]]>
    </line>
    <line>
      <![CDATA[ Page loaded successfully]]>
    </line>
    <line>
      <![CDATA[Selected - 'LN' from the dropdown]]>
    </line>
    <line>
      <![CDATA[ Page loaded successfully]]>
    </line>
    <line>
      <![CDATA[Selected - 'ABKHAZIA' from the dropdown]]>
    </line>
    <line>
      <![CDATA[ Page loaded successfully]]>
    </line>
    <line>
      <![CDATA[Number Inventory Page loaded successfully]]>
    </line>
    <line>
      <![CDATA[Selected - '2018' from the dropdown]]>
    </line>
    <line>
      <![CDATA[ Page loaded successfully]]>
    </line>
    <line>
      <![CDATA[ Page loaded successfully]]>
    </line>
    <line>
      <![CDATA[Number_Inventory_NumbersTxt - having xpath 'By.xpath: //td/textarea[@id='numbers']' clicked sucessfully]]>
    </line>
    <line>
      <![CDATA[Selected - '2018' from the dropdown]]>
    </line>
    <line>
      <![CDATA[ Page loaded successfully]]>
    </line>
    <line>
      <![CDATA[ Page loaded successfully]]>
    </line>
    <line>
      <![CDATA[Number_Inventory_NumbersTxt - having xpath 'By.xpath: //td/textarea[@id='numbers']' clicked sucessfully]]>
    </line>
    <line>
      <![CDATA[Number_Inventory_AddBtn - having xpath 'By.xpath: //input[@id='addButton']' clicked sucessfully]]>
    </line>
    <line>
      <![CDATA[ Page loaded successfully]]>
    </line>
    <line>
      <![CDATA[Search_Update_Delete_Inventory - having xpath 'By.id: editFlag' clicked sucessfully]]>
    </line>
    <line>
      <![CDATA[Successfully switched  to //iframe[@scrolling='no'] frame]]>
    </line>
    <line>
      <![CDATA[logout Successful]]>
    </line>
    <line>
      <![CDATA[Executing Test Case -TC_08 -with TestdataId : Data_09]]>
    </line>
    <line>
      <![CDATA[New CHROME LOCAL driver instantiated]]>
    </line>
    <line>
      <![CDATA[URL launched is : https://10.133.43.10:8443/MessagingInstance]]>
    </line>
    <line>
      <![CDATA[TATA Messaging Login Page appear/loaded successfully]]>
    </line>
    <line>
      <![CDATA[Username 'sonali.das@tatacommunications.com' entered sucessfully]]>
    </line>
    <line>
      <![CDATA[Password 'Welcome01' entered sucessfully]]>
    </line>
    <line>
      <![CDATA[Submit Btn clicked sucessfully]]>
    </line>
    <line>
      <![CDATA[MessagingInstanceHomePage Page loaded successfully]]>
    </line>
    <line>
      <![CDATA[Successfully switched  to //iframe[@scrolling='no'] frame]]>
    </line>
    <line>
      <![CDATA[TATA Messaging Home Page appear/loaded successfully]]>
    </line>
    <line>
      <![CDATA[After Login Screen verified sucessfully]]>
    </line>
    <line>
      <![CDATA[Successfully switched  to //iframe[@name='bottom'] frame]]>
    </line>
    <line>
      <![CDATA[Successfully switched  to index frame]]>
    </line>
    <line>
      <![CDATA[Navigation Bar appear/loaded successfully]]>
    </line>
    <line>
      <![CDATA[Inventory Number Inventory page opened sucessfully]]>
    </line>
    <line>
      <![CDATA[Successfully switched  to bottom frame]]>
    </line>
    <line>
      <![CDATA[Successfully switched  to target frame]]>
    </line>
    <line>
      <![CDATA[Search_Update_Delete_Inventory - having xpath 'By.id: editFlag' clicked sucessfully]]>
    </line>
    <line>
      <![CDATA[Selected - 'TYNTEC LTD.' from the dropdown]]>
    </line>
    <line>
      <![CDATA[ Page loaded successfully]]>
    </line>
    <line>
      <![CDATA[Selected - 'ACTIVE' from the dropdown]]>
    </line>
    <line>
      <![CDATA[ Page loaded successfully]]>
    </line>
    <line>
      <![CDATA[Number Inventory Page loaded successfully]]>
    </line>
    <line>
      <![CDATA[ Page loaded successfully]]>
    </line>
    <line>
      <![CDATA[Number_Inventory_NumbersTxt - having xpath 'By.xpath: //td/textarea[@id='numbers']' clicked sucessfully]]>
    </line>
    <line>
      <![CDATA[ Page loaded successfully]]>
    </line>
    <line>
      <![CDATA[Number_Inventory_NumbersTxt - having xpath 'By.xpath: //td/textarea[@id='numbers']' clicked sucessfully]]>
    </line>
    <line>
      <![CDATA[Number_Inventory_DisplayBtn - having xpath 'By.xpath: //input[@id='disButton']' clicked sucessfully]]>
    </line>
    <line>
      <![CDATA[ Page loaded successfully]]>
    </line>
    <line>
      <![CDATA[AllfilesInFolder :1]]>
    </line>
    <line>
      <![CDATA[file: Number Inventory-TYNTEC LTD.-17-Dec-2017.csv]]>
    </line>
    <line>
      <![CDATA[deleted all files from download loaction]]>
    </line>
    <line>
      <![CDATA[Number_Inventory_ExportBtn - having xpath 'By.xpath: //a[@title='Export']' clicked sucessfully]]>
    </line>
    <line>
      <![CDATA[NumberInventory Page loaded successfully]]>
    </line>
    <line>
      <![CDATA[checking for download completed]]>
    </line>
    <line>
      <![CDATA[no downloads pending]]>
    </line>
    <line>
      <![CDATA[dowloaded file path: C:\selenium\files\Number Inventory-TYNTEC LTD.-17-Dec-2017.csv]]>
    </line>
    <line>
      <![CDATA[Successfully switched  to //iframe[@scrolling='no'] frame]]>
    </line>
    <line>
      <![CDATA[logout Successful]]>
    </line>
  </reporter-output>
  <suite name="Suite" duration-ms="230344" started-at="2017-12-17T03:41:31Z" finished-at="2017-12-17T03:45:21Z">
    <groups>
    </groups>
    <test name="t6" duration-ms="80677" started-at="2017-12-17T03:41:31Z" finished-at="2017-12-17T03:42:51Z">
      <class name="com.tata.selenium.test.inventoryNumberManagement.TC_03_AddingNumbersToSupplier">
        <test-method status="PASS" signature="beforeMethod(java.lang.String)[pri:0, instance:com.tata.selenium.test.inventoryNumberManagement.TC_03_AddingNumbersToSupplier@799d4f69]" name="beforeMethod" is-config="true" duration-ms="173" started-at="2017-12-17T09:11:31Z" finished-at="2017-12-17T09:11:31Z">
          <params>
            <param index="0">
              <value>
                <![CDATA[TC_05]]>
              </value>
            </param>
          </params>
          <reporter-output>
          </reporter-output>
        </test-method> <!-- beforeMethod -->
        <test-method status="PASS" signature="DO(java.lang.String, java.lang.String)[pri:0, instance:com.tata.selenium.test.inventoryNumberManagement.TC_03_AddingNumbersToSupplier@799d4f69]" name="DO" duration-ms="78376" started-at="2017-12-17T09:11:31Z" finished-at="2017-12-17T09:12:49Z">
          <params>
            <param index="0">
              <value>
                <![CDATA[Data_06]]>
              </value>
            </param>
            <param index="1">
              <value>
                <![CDATA[TC_05]]>
              </value>
            </param>
          </params>
          <reporter-output>
            <line>
              <![CDATA[Executing Test Case -TC_05 -with TestdataId : Data_06]]>
            </line>
            <line>
              <![CDATA[New CHROME LOCAL driver instantiated]]>
            </line>
            <line>
              <![CDATA[URL launched is : https://10.133.43.10:8443/MessagingInstance]]>
            </line>
            <line>
              <![CDATA[TATA Messaging Login Page appear/loaded successfully]]>
            </line>
            <line>
              <![CDATA[Username 'sonali.das@tatacommunications.com' entered sucessfully]]>
            </line>
            <line>
              <![CDATA[Password 'Welcome01' entered sucessfully]]>
            </line>
            <line>
              <![CDATA[Submit Btn clicked sucessfully]]>
            </line>
            <line>
              <![CDATA[MessagingInstanceHomePage Page loaded successfully]]>
            </line>
            <line>
              <![CDATA[Successfully switched  to //iframe[@scrolling='no'] frame]]>
            </line>
            <line>
              <![CDATA[TATA Messaging Home Page appear/loaded successfully]]>
            </line>
            <line>
              <![CDATA[After Login Screen verified sucessfully]]>
            </line>
            <line>
              <![CDATA[Successfully switched  to //iframe[@name='bottom'] frame]]>
            </line>
            <line>
              <![CDATA[Successfully switched  to index frame]]>
            </line>
            <line>
              <![CDATA[Navigation Bar appear/loaded successfully]]>
            </line>
            <line>
              <![CDATA[Inventory Number Inventory page opened sucessfully]]>
            </line>
            <line>
              <![CDATA[Successfully switched  to bottom frame]]>
            </line>
            <line>
              <![CDATA[Successfully switched  to target frame]]>
            </line>
            <line>
              <![CDATA[Number_Inventory_SubmitBtn - having xpath 'By.xpath: //input[@id='submitButton']' clicked sucessfully]]>
            </line>
            <line>
              <![CDATA[POP Up has appeared now]]>
            </line>
            <line>
              <![CDATA[Validation passed as Pop up is being displayed and it is  - Error: Please add a number to submit to the inventory.]]>
            </line>
            <line>
              <![CDATA[Add_Inventory - having xpath 'By.id: addFlag' clicked sucessfully]]>
            </line>
            <line>
              <![CDATA[Selected - 'TYNTEC LTD.' from the dropdown]]>
            </line>
            <line>
              <![CDATA[ Page loaded successfully]]>
            </line>
            <line>
              <![CDATA[Selected - 'LN' from the dropdown]]>
            </line>
            <line>
              <![CDATA[ Page loaded successfully]]>
            </line>
            <line>
              <![CDATA[Selected - 'ABKHAZIA' from the dropdown]]>
            </line>
            <line>
              <![CDATA[ Page loaded successfully]]>
            </line>
            <line>
              <![CDATA[Number Inventory Page loaded successfully]]>
            </line>
            <line>
              <![CDATA[Selected - '2018' from the dropdown]]>
            </line>
            <line>
              <![CDATA[ Page loaded successfully]]>
            </line>
            <line>
              <![CDATA[ Page loaded successfully]]>
            </line>
            <line>
              <![CDATA[Number_Inventory_NumbersTxt - having xpath 'By.xpath: //td/textarea[@id='numbers']' clicked sucessfully]]>
            </line>
            <line>
              <![CDATA[Selected - '2018' from the dropdown]]>
            </line>
            <line>
              <![CDATA[ Page loaded successfully]]>
            </line>
            <line>
              <![CDATA[ Page loaded successfully]]>
            </line>
            <line>
              <![CDATA[Number_Inventory_NumbersTxt - having xpath 'By.xpath: //td/textarea[@id='numbers']' clicked sucessfully]]>
            </line>
            <line>
              <![CDATA[Number_Inventory_AddBtn - having xpath 'By.xpath: //input[@id='addButton']' clicked sucessfully]]>
            </line>
            <line>
              <![CDATA[ Page loaded successfully]]>
            </line>
            <line>
              <![CDATA[Number_Inventory_SubmitBtn - having xpath 'By.xpath: //input[@id='submitButton']' clicked sucessfully]]>
            </line>
            <line>
              <![CDATA[ Page loaded successfully]]>
            </line>
            <line>
              <![CDATA[org.openqa.selenium.NoSuchElementException: no such element: Unable to locate element: {"method":"xpath","selector":"//div[@id='popup_message']"}
  (Session info: chrome=63.0.3239.84)
  (Driver info: chromedriver=2.33.506120 (e3e53437346286c0bc2d2dc9aa4915ba81d9023f),platform=Windows NT 10.0.16299 x86_64) (WARNING: The server did not provide any stacktrace information)
Command duration or timeout: 3.06 seconds
For documentation on this error, please visit: http://seleniumhq.org/exceptions/no_such_element.html
Build info: version: '3.3.1', revision: '5234b325d5', time: '2017-03-10 09:10:29 +0000'
System info: host: 'PAVILION', ip: '10.149.232.15', os.name: 'Windows 10', os.arch: 'amd64', os.version: '10.0', java.version: '1.8.0_77'
Driver info: org.openqa.selenium.chrome.ChromeDriver
Capabilities [{applicationCacheEnabled=false, rotatable=false, mobileEmulationEnabled=false, networkConnectionEnabled=false, chrome={chromedriverVersion=2.33.506120 (e3e53437346286c0bc2d2dc9aa4915ba81d9023f), userDataDir=C:\Users\Hp\AppData\Local\Temp\scoped_dir5660_6550}, takesHeapSnapshot=true, pageLoadStrategy=normal, databaseEnabled=false, handlesAlerts=true, hasTouchScreen=false, version=63.0.3239.84, platform=XP, browserConnectionEnabled=false, nativeEvents=true, acceptSslCerts=true, locationContextEnabled=true, webStorageEnabled=true, browserName=chrome, takesScreenshot=true, javascriptEnabled=true, cssSelectorsEnabled=true, setWindowRect=true, unexpectedAlertBehaviour=}]
Session ID: e643e8bdd47dc6a2c68371a5a6b62acc
*** Element info: {Using=xpath, value=//div[@id='popup_message']}]]>
            </line>
            <line>
              <![CDATA[POP Up has appeared now]]>
            </line>
            <line>
              <![CDATA[Validation passed as Pop up is being displayed and it is  - SC / LN successfully added to the inventory. You will receive a confirmation email for reference.]]>
            </line>
            <line>
              <![CDATA[pdfEmbed element Exist]]>
            </line>
            <line>
              <![CDATA[Successfully switched  to //iframe[@scrolling='no'] frame]]>
            </line>
            <line>
              <![CDATA[logout Successful]]>
            </line>
          </reporter-output>
        </test-method> <!-- DO -->
        <test-method status="PASS" signature="afterMethodFailed(org.testng.ITestResult)[pri:0, instance:com.tata.selenium.test.inventoryNumberManagement.TC_03_AddingNumbersToSupplier@799d4f69]" name="afterMethodFailed" is-config="true" duration-ms="1" started-at="2017-12-17T09:12:49Z" finished-at="2017-12-17T09:12:49Z">
          <params>
            <param index="0">
              <value>
                <![CDATA[[TestResult name=DO status=SUCCESS method=TC_03_AddingNumbersToSupplier.DO(java.lang.String, java.lang.String)[pri:0, instance:com.tata.selenium.test.inventoryNumberManagement.TC_03_AddingNumbersToSupplier@799d4f69] output=Executing Test Case -TC_05 -with TestdataId : Data_06]]]>
              </value>
            </param>
          </params>
          <reporter-output>
          </reporter-output>
        </test-method> <!-- afterMethodFailed -->
        <test-method status="PASS" signature="afterMethod(java.lang.String)[pri:0, instance:com.tata.selenium.test.inventoryNumberManagement.TC_03_AddingNumbersToSupplier@799d4f69]" name="afterMethod" is-config="true" duration-ms="2092" started-at="2017-12-17T09:12:49Z" depends-on-methods="com.tata.selenium.test.inventoryNumberManagement.TC_03_AddingNumbersToSupplier.afterMethodFailed" finished-at="2017-12-17T09:12:51Z">
          <params>
            <param index="0">
              <value>
                <![CDATA[TC_05]]>
              </value>
            </param>
          </params>
          <reporter-output>
          </reporter-output>
        </test-method> <!-- afterMethod -->
      </class> <!-- com.tata.selenium.test.inventoryNumberManagement.TC_03_AddingNumbersToSupplier -->
    </test> <!-- t6 -->
    <test name="t7" duration-ms="47099" started-at="2017-12-17T03:42:51Z" finished-at="2017-12-17T03:43:39Z">
      <class name="com.tata.selenium.test.inventoryNumberManagement.TC_05_ValidatingEndDateGreaterThanFrom">
        <test-method status="PASS" signature="beforeMethod(java.lang.String)[pri:0, instance:com.tata.selenium.test.inventoryNumberManagement.TC_05_ValidatingEndDateGreaterThanFrom@3ffcd140]" name="beforeMethod" is-config="true" duration-ms="487" started-at="2017-12-17T09:12:51Z" finished-at="2017-12-17T09:12:52Z">
          <params>
            <param index="0">
              <value>
                <![CDATA[TC_06]]>
              </value>
            </param>
          </params>
          <reporter-output>
          </reporter-output>
        </test-method> <!-- beforeMethod -->
        <test-method status="FAIL" signature="DO(java.lang.String, java.lang.String)[pri:0, instance:com.tata.selenium.test.inventoryNumberManagement.TC_05_ValidatingEndDateGreaterThanFrom@3ffcd140]" name="DO" duration-ms="45323" started-at="2017-12-17T09:12:52Z" finished-at="2017-12-17T09:13:37Z">
          <params>
            <param index="0">
              <value>
                <![CDATA[Data_07]]>
              </value>
            </param>
            <param index="1">
              <value>
                <![CDATA[TC_06]]>
              </value>
            </param>
          </params>
          <exception class="java.lang.AssertionError">
            <message>
              <![CDATA[Test case is having some failed/warning steps. Please check in the report]]>
            </message>
            <full-stacktrace>
              <![CDATA[java.lang.AssertionError: Test case is having some failed/warning steps. Please check in the report
	at org.testng.Assert.fail(Assert.java:94)
	at com.tata.selenium.utils.CommonUtils.checkRunStatus(CommonUtils.java:271)
	at com.tata.selenium.test.inventoryNumberManagement.TC_05_ValidatingEndDateGreaterThanFrom.DO(TC_05_ValidatingEndDateGreaterThanFrom.java:139)
	at sun.reflect.NativeMethodAccessorImpl.invoke0(Native Method)
	at sun.reflect.NativeMethodAccessorImpl.invoke(Unknown Source)
	at sun.reflect.DelegatingMethodAccessorImpl.invoke(Unknown Source)
	at java.lang.reflect.Method.invoke(Unknown Source)
	at org.testng.internal.MethodInvocationHelper.invokeMethod(MethodInvocationHelper.java:100)
	at org.testng.internal.Invoker.invokeMethod(Invoker.java:646)
	at org.testng.internal.Invoker.invokeTestMethod(Invoker.java:811)
	at org.testng.internal.Invoker.invokeTestMethods(Invoker.java:1129)
	at org.testng.internal.TestMethodWorker.invokeTestMethods(TestMethodWorker.java:129)
	at org.testng.internal.TestMethodWorker.run(TestMethodWorker.java:112)
	at org.testng.TestRunner.privateRun(TestRunner.java:746)
	at org.testng.TestRunner.run(TestRunner.java:600)
	at org.testng.SuiteRunner.runTest(SuiteRunner.java:366)
	at org.testng.SuiteRunner.runSequentially(SuiteRunner.java:361)
	at org.testng.SuiteRunner.privateRun(SuiteRunner.java:319)
	at org.testng.SuiteRunner.run(SuiteRunner.java:268)
	at org.testng.SuiteRunnerWorker.runSuite(SuiteRunnerWorker.java:52)
	at org.testng.SuiteRunnerWorker.run(SuiteRunnerWorker.java:86)
	at org.testng.TestNG.runSuitesSequentially(TestNG.java:1264)
	at org.testng.TestNG.runSuitesLocally(TestNG.java:1189)
	at org.testng.TestNG.runSuites(TestNG.java:1104)
	at org.testng.TestNG.run(TestNG.java:1076)
	at org.testng.remote.AbstractRemoteTestNG.run(AbstractRemoteTestNG.java:126)
	at org.testng.remote.RemoteTestNG.initAndRun(RemoteTestNG.java:152)
	at org.testng.remote.RemoteTestNG.main(RemoteTestNG.java:57)
]]>
            </full-stacktrace>
          </exception> <!-- java.lang.AssertionError -->
          <reporter-output>
            <line>
              <![CDATA[Executing Test Case -TC_06 -with TestdataId : Data_07]]>
            </line>
            <line>
              <![CDATA[New CHROME LOCAL driver instantiated]]>
            </line>
            <line>
              <![CDATA[URL launched is : https://10.133.43.10:8443/MessagingInstance]]>
            </line>
            <line>
              <![CDATA[TATA Messaging Login Page appear/loaded successfully]]>
            </line>
            <line>
              <![CDATA[Username 'sonali.das@tatacommunications.com' entered sucessfully]]>
            </line>
            <line>
              <![CDATA[Password 'Welcome01' entered sucessfully]]>
            </line>
            <line>
              <![CDATA[Submit Btn clicked sucessfully]]>
            </line>
            <line>
              <![CDATA[MessagingInstanceHomePage Page loaded successfully]]>
            </line>
            <line>
              <![CDATA[Successfully switched  to //iframe[@scrolling='no'] frame]]>
            </line>
            <line>
              <![CDATA[TATA Messaging Home Page appear/loaded successfully]]>
            </line>
            <line>
              <![CDATA[After Login Screen verified sucessfully]]>
            </line>
            <line>
              <![CDATA[Successfully switched  to //iframe[@name='bottom'] frame]]>
            </line>
            <line>
              <![CDATA[Successfully switched  to index frame]]>
            </line>
            <line>
              <![CDATA[Navigation Bar appear/loaded successfully]]>
            </line>
            <line>
              <![CDATA[Inventory Number Inventory page opened sucessfully]]>
            </line>
            <line>
              <![CDATA[Successfully switched  to bottom frame]]>
            </line>
            <line>
              <![CDATA[Successfully switched  to target frame]]>
            </line>
            <line>
              <![CDATA[Add_Inventory - having xpath 'By.id: addFlag' clicked sucessfully]]>
            </line>
            <line>
              <![CDATA[Selected - 'TYNTEC LTD.' from the dropdown]]>
            </line>
            <line>
              <![CDATA[ Page loaded successfully]]>
            </line>
            <line>
              <![CDATA[Selected - 'LN' from the dropdown]]>
            </line>
            <line>
              <![CDATA[ Page loaded successfully]]>
            </line>
            <line>
              <![CDATA[Selected - 'ABKHAZIA' from the dropdown]]>
            </line>
            <line>
              <![CDATA[ Page loaded successfully]]>
            </line>
            <line>
              <![CDATA[Number Inventory Page loaded successfully]]>
            </line>
            <line>
              <![CDATA[Selected - '2018' from the dropdown]]>
            </line>
            <line>
              <![CDATA[ Page loaded successfully]]>
            </line>
            <line>
              <![CDATA[ Page loaded successfully]]>
            </line>
            <line>
              <![CDATA[Number_Inventory_NumbersTxt - having xpath 'By.xpath: //td/textarea[@id='numbers']' clicked sucessfully]]>
            </line>
            <line>
              <![CDATA[Selected - '2018' from the dropdown]]>
            </line>
            <line>
              <![CDATA[ Page loaded successfully]]>
            </line>
            <line>
              <![CDATA[ Page loaded successfully]]>
            </line>
            <line>
              <![CDATA[Number_Inventory_NumbersTxt - having xpath 'By.xpath: //td/textarea[@id='numbers']' clicked sucessfully]]>
            </line>
            <line>
              <![CDATA[Number_Inventory_AddBtn - having xpath 'By.xpath: //input[@id='addButton']' clicked sucessfully]]>
            </line>
            <line>
              <![CDATA[ Page loaded successfully]]>
            </line>
            <line>
              <![CDATA[POP Up has appeared now]]>
            </line>
            <line>
              <![CDATA[Appeared Pop is  - Error: To Date should be greater than or equal to From.  but expected POP Up was Error: To Date should be greater than or equal to From]]>
            </line>
            <line>
              <![CDATA[Number_Inventory_SubmitBtn - having xpath 'By.xpath: //input[@id='submitButton']' clicked sucessfully]]>
            </line>
            <line>
              <![CDATA[ Page loaded successfully]]>
            </line>
            <line>
              <![CDATA[POP Up has appeared now]]>
            </line>
            <line>
              <![CDATA[Appeared Pop is  - Error: Please add a number to submit to the inventory.  but expected POP Up was Error: Please add a number to submit to the inventory]]>
            </line>
            <line>
              <![CDATA[Successfully switched  to //iframe[@scrolling='no'] frame]]>
            </line>
            <line>
              <![CDATA[logout Successful]]>
            </line>
          </reporter-output>
        </test-method> <!-- DO -->
        <test-method status="PASS" signature="afterMethodFailed(org.testng.ITestResult)[pri:0, instance:com.tata.selenium.test.inventoryNumberManagement.TC_05_ValidatingEndDateGreaterThanFrom@3ffcd140]" name="afterMethodFailed" is-config="true" duration-ms="18" started-at="2017-12-17T09:13:37Z" finished-at="2017-12-17T09:13:37Z">
          <params>
            <param index="0">
              <value>
                <![CDATA[[TestResult name=DO status=FAILURE method=TC_05_ValidatingEndDateGreaterThanFrom.DO(java.lang.String, java.lang.String)[pri:0, instance:com.tata.selenium.test.inventoryNumberManagement.TC_05_ValidatingEndDateGreaterThanFrom@3ffcd140] output=Executing Test Case -TC_06 -with TestdataId : Data_07]]]>
              </value>
            </param>
          </params>
          <reporter-output>
          </reporter-output>
        </test-method> <!-- afterMethodFailed -->
        <test-method status="PASS" signature="afterMethod(java.lang.String)[pri:0, instance:com.tata.selenium.test.inventoryNumberManagement.TC_05_ValidatingEndDateGreaterThanFrom@3ffcd140]" name="afterMethod" is-config="true" duration-ms="1243" started-at="2017-12-17T09:13:37Z" depends-on-methods="com.tata.selenium.test.inventoryNumberManagement.TC_05_ValidatingEndDateGreaterThanFrom.afterMethodFailed" finished-at="2017-12-17T09:13:39Z">
          <params>
            <param index="0">
              <value>
                <![CDATA[TC_06]]>
              </value>
            </param>
          </params>
          <reporter-output>
          </reporter-output>
        </test-method> <!-- afterMethod -->
      </class> <!-- com.tata.selenium.test.inventoryNumberManagement.TC_05_ValidatingEndDateGreaterThanFrom -->
    </test> <!-- t7 -->
    <test name="t8" duration-ms="31985" started-at="2017-12-17T03:43:39Z" finished-at="2017-12-17T03:44:11Z">
      <class name="com.tata.selenium.test.inventoryNumberManagement.TC_06_ClearingResultsValidation">
        <test-method status="PASS" signature="beforeMethod(java.lang.String)[pri:0, instance:com.tata.selenium.test.inventoryNumberManagement.TC_06_ClearingResultsValidation@25359ed8]" name="beforeMethod" is-config="true" duration-ms="279" started-at="2017-12-17T09:13:39Z" finished-at="2017-12-17T09:13:39Z">
          <params>
            <param index="0">
              <value>
                <![CDATA[TC_07]]>
              </value>
            </param>
          </params>
          <reporter-output>
          </reporter-output>
        </test-method> <!-- beforeMethod -->
        <test-method status="PASS" signature="DO(java.lang.String, java.lang.String)[pri:0, instance:com.tata.selenium.test.inventoryNumberManagement.TC_06_ClearingResultsValidation@25359ed8]" name="DO" duration-ms="30614" started-at="2017-12-17T09:13:39Z" finished-at="2017-12-17T09:14:09Z">
          <params>
            <param index="0">
              <value>
                <![CDATA[Data_08]]>
              </value>
            </param>
            <param index="1">
              <value>
                <![CDATA[TC_07]]>
              </value>
            </param>
          </params>
          <reporter-output>
            <line>
              <![CDATA[Executing Test Case -TC_07 -with TestdataId : Data_08]]>
            </line>
            <line>
              <![CDATA[New CHROME LOCAL driver instantiated]]>
            </line>
            <line>
              <![CDATA[URL launched is : https://10.133.43.10:8443/MessagingInstance]]>
            </line>
            <line>
              <![CDATA[TATA Messaging Login Page appear/loaded successfully]]>
            </line>
            <line>
              <![CDATA[Username 'sonali.das@tatacommunications.com' entered sucessfully]]>
            </line>
            <line>
              <![CDATA[Password 'Welcome01' entered sucessfully]]>
            </line>
            <line>
              <![CDATA[Submit Btn clicked sucessfully]]>
            </line>
            <line>
              <![CDATA[MessagingInstanceHomePage Page loaded successfully]]>
            </line>
            <line>
              <![CDATA[Successfully switched  to //iframe[@scrolling='no'] frame]]>
            </line>
            <line>
              <![CDATA[TATA Messaging Home Page appear/loaded successfully]]>
            </line>
            <line>
              <![CDATA[After Login Screen verified sucessfully]]>
            </line>
            <line>
              <![CDATA[Successfully switched  to //iframe[@name='bottom'] frame]]>
            </line>
            <line>
              <![CDATA[Successfully switched  to index frame]]>
            </line>
            <line>
              <![CDATA[Navigation Bar appear/loaded successfully]]>
            </line>
            <line>
              <![CDATA[Inventory Number Inventory page opened sucessfully]]>
            </line>
            <line>
              <![CDATA[Successfully switched  to bottom frame]]>
            </line>
            <line>
              <![CDATA[Successfully switched  to target frame]]>
            </line>
            <line>
              <![CDATA[Add_Inventory - having xpath 'By.id: addFlag' clicked sucessfully]]>
            </line>
            <line>
              <![CDATA[Selected - 'TYNTEC LTD.' from the dropdown]]>
            </line>
            <line>
              <![CDATA[ Page loaded successfully]]>
            </line>
            <line>
              <![CDATA[Selected - 'LN' from the dropdown]]>
            </line>
            <line>
              <![CDATA[ Page loaded successfully]]>
            </line>
            <line>
              <![CDATA[Selected - 'ABKHAZIA' from the dropdown]]>
            </line>
            <line>
              <![CDATA[ Page loaded successfully]]>
            </line>
            <line>
              <![CDATA[Number Inventory Page loaded successfully]]>
            </line>
            <line>
              <![CDATA[Selected - '2018' from the dropdown]]>
            </line>
            <line>
              <![CDATA[ Page loaded successfully]]>
            </line>
            <line>
              <![CDATA[ Page loaded successfully]]>
            </line>
            <line>
              <![CDATA[Number_Inventory_NumbersTxt - having xpath 'By.xpath: //td/textarea[@id='numbers']' clicked sucessfully]]>
            </line>
            <line>
              <![CDATA[Selected - '2018' from the dropdown]]>
            </line>
            <line>
              <![CDATA[ Page loaded successfully]]>
            </line>
            <line>
              <![CDATA[ Page loaded successfully]]>
            </line>
            <line>
              <![CDATA[Number_Inventory_NumbersTxt - having xpath 'By.xpath: //td/textarea[@id='numbers']' clicked sucessfully]]>
            </line>
            <line>
              <![CDATA[Number_Inventory_AddBtn - having xpath 'By.xpath: //input[@id='addButton']' clicked sucessfully]]>
            </line>
            <line>
              <![CDATA[ Page loaded successfully]]>
            </line>
            <line>
              <![CDATA[Search_Update_Delete_Inventory - having xpath 'By.id: editFlag' clicked sucessfully]]>
            </line>
            <line>
              <![CDATA[Successfully switched  to //iframe[@scrolling='no'] frame]]>
            </line>
            <line>
              <![CDATA[logout Successful]]>
            </line>
          </reporter-output>
        </test-method> <!-- DO -->
        <test-method status="PASS" signature="afterMethodFailed(org.testng.ITestResult)[pri:0, instance:com.tata.selenium.test.inventoryNumberManagement.TC_06_ClearingResultsValidation@25359ed8]" name="afterMethodFailed" is-config="true" duration-ms="1" started-at="2017-12-17T09:14:09Z" finished-at="2017-12-17T09:14:09Z">
          <params>
            <param index="0">
              <value>
                <![CDATA[[TestResult name=DO status=SUCCESS method=TC_06_ClearingResultsValidation.DO(java.lang.String, java.lang.String)[pri:0, instance:com.tata.selenium.test.inventoryNumberManagement.TC_06_ClearingResultsValidation@25359ed8] output=Executing Test Case -TC_07 -with TestdataId : Data_08]]]>
              </value>
            </param>
          </params>
          <reporter-output>
          </reporter-output>
        </test-method> <!-- afterMethodFailed -->
        <test-method status="PASS" signature="afterMethod(java.lang.String)[pri:0, instance:com.tata.selenium.test.inventoryNumberManagement.TC_06_ClearingResultsValidation@25359ed8]" name="afterMethod" is-config="true" duration-ms="1086" started-at="2017-12-17T09:14:09Z" depends-on-methods="com.tata.selenium.test.inventoryNumberManagement.TC_06_ClearingResultsValidation.afterMethodFailed" finished-at="2017-12-17T09:14:11Z">
          <params>
            <param index="0">
              <value>
                <![CDATA[TC_07]]>
              </value>
            </param>
          </params>
          <reporter-output>
          </reporter-output>
        </test-method> <!-- afterMethod -->
      </class> <!-- com.tata.selenium.test.inventoryNumberManagement.TC_06_ClearingResultsValidation -->
    </test> <!-- t8 -->
    <test name="t9" duration-ms="70495" started-at="2017-12-17T03:44:11Z" finished-at="2017-12-17T03:45:21Z">
      <class name="com.tata.selenium.test.inventoryNumberManagement.TC_07_DisplayResultsBasedOn_Input">
        <test-method status="PASS" signature="beforeMethod(java.lang.String)[pri:0, instance:com.tata.selenium.test.inventoryNumberManagement.TC_07_DisplayResultsBasedOn_Input@6b67034]" name="beforeMethod" is-config="true" duration-ms="223" started-at="2017-12-17T09:14:11Z" finished-at="2017-12-17T09:14:11Z">
          <params>
            <param index="0">
              <value>
                <![CDATA[TC_08]]>
              </value>
            </param>
          </params>
          <reporter-output>
          </reporter-output>
        </test-method> <!-- beforeMethod -->
        <test-method status="PASS" signature="DO(java.lang.String, java.lang.String)[pri:0, instance:com.tata.selenium.test.inventoryNumberManagement.TC_07_DisplayResultsBasedOn_Input@6b67034]" name="DO" duration-ms="69049" started-at="2017-12-17T09:14:11Z" finished-at="2017-12-17T09:15:20Z">
          <params>
            <param index="0">
              <value>
                <![CDATA[Data_09]]>
              </value>
            </param>
            <param index="1">
              <value>
                <![CDATA[TC_08]]>
              </value>
            </param>
          </params>
          <reporter-output>
            <line>
              <![CDATA[Executing Test Case -TC_08 -with TestdataId : Data_09]]>
            </line>
            <line>
              <![CDATA[New CHROME LOCAL driver instantiated]]>
            </line>
            <line>
              <![CDATA[URL launched is : https://10.133.43.10:8443/MessagingInstance]]>
            </line>
            <line>
              <![CDATA[TATA Messaging Login Page appear/loaded successfully]]>
            </line>
            <line>
              <![CDATA[Username 'sonali.das@tatacommunications.com' entered sucessfully]]>
            </line>
            <line>
              <![CDATA[Password 'Welcome01' entered sucessfully]]>
            </line>
            <line>
              <![CDATA[Submit Btn clicked sucessfully]]>
            </line>
            <line>
              <![CDATA[MessagingInstanceHomePage Page loaded successfully]]>
            </line>
            <line>
              <![CDATA[Successfully switched  to //iframe[@scrolling='no'] frame]]>
            </line>
            <line>
              <![CDATA[TATA Messaging Home Page appear/loaded successfully]]>
            </line>
            <line>
              <![CDATA[After Login Screen verified sucessfully]]>
            </line>
            <line>
              <![CDATA[Successfully switched  to //iframe[@name='bottom'] frame]]>
            </line>
            <line>
              <![CDATA[Successfully switched  to index frame]]>
            </line>
            <line>
              <![CDATA[Navigation Bar appear/loaded successfully]]>
            </line>
            <line>
              <![CDATA[Inventory Number Inventory page opened sucessfully]]>
            </line>
            <line>
              <![CDATA[Successfully switched  to bottom frame]]>
            </line>
            <line>
              <![CDATA[Successfully switched  to target frame]]>
            </line>
            <line>
              <![CDATA[Search_Update_Delete_Inventory - having xpath 'By.id: editFlag' clicked sucessfully]]>
            </line>
            <line>
              <![CDATA[Selected - 'TYNTEC LTD.' from the dropdown]]>
            </line>
            <line>
              <![CDATA[ Page loaded successfully]]>
            </line>
            <line>
              <![CDATA[Selected - 'ACTIVE' from the dropdown]]>
            </line>
            <line>
              <![CDATA[ Page loaded successfully]]>
            </line>
            <line>
              <![CDATA[Number Inventory Page loaded successfully]]>
            </line>
            <line>
              <![CDATA[ Page loaded successfully]]>
            </line>
            <line>
              <![CDATA[Number_Inventory_NumbersTxt - having xpath 'By.xpath: //td/textarea[@id='numbers']' clicked sucessfully]]>
            </line>
            <line>
              <![CDATA[ Page loaded successfully]]>
            </line>
            <line>
              <![CDATA[Number_Inventory_NumbersTxt - having xpath 'By.xpath: //td/textarea[@id='numbers']' clicked sucessfully]]>
            </line>
            <line>
              <![CDATA[Number_Inventory_DisplayBtn - having xpath 'By.xpath: //input[@id='disButton']' clicked sucessfully]]>
            </line>
            <line>
              <![CDATA[ Page loaded successfully]]>
            </line>
            <line>
              <![CDATA[AllfilesInFolder :1]]>
            </line>
            <line>
              <![CDATA[file: Number Inventory-TYNTEC LTD.-17-Dec-2017.csv]]>
            </line>
            <line>
              <![CDATA[deleted all files from download loaction]]>
            </line>
            <line>
              <![CDATA[Number_Inventory_ExportBtn - having xpath 'By.xpath: //a[@title='Export']' clicked sucessfully]]>
            </line>
            <line>
              <![CDATA[NumberInventory Page loaded successfully]]>
            </line>
            <line>
              <![CDATA[checking for download completed]]>
            </line>
            <line>
              <![CDATA[no downloads pending]]>
            </line>
            <line>
              <![CDATA[dowloaded file path: C:\selenium\files\Number Inventory-TYNTEC LTD.-17-Dec-2017.csv]]>
            </line>
            <line>
              <![CDATA[Successfully switched  to //iframe[@scrolling='no'] frame]]>
            </line>
            <line>
              <![CDATA[logout Successful]]>
            </line>
          </reporter-output>
        </test-method> <!-- DO -->
        <test-method status="PASS" signature="afterMethodFailed(org.testng.ITestResult)[pri:0, instance:com.tata.selenium.test.inventoryNumberManagement.TC_07_DisplayResultsBasedOn_Input@6b67034]" name="afterMethodFailed" is-config="true" duration-ms="1" started-at="2017-12-17T09:15:20Z" finished-at="2017-12-17T09:15:20Z">
          <params>
            <param index="0">
              <value>
                <![CDATA[[TestResult name=DO status=SUCCESS method=TC_07_DisplayResultsBasedOn_Input.DO(java.lang.String, java.lang.String)[pri:0, instance:com.tata.selenium.test.inventoryNumberManagement.TC_07_DisplayResultsBasedOn_Input@6b67034] output=Executing Test Case -TC_08 -with TestdataId : Data_09]]]>
              </value>
            </param>
          </params>
          <reporter-output>
          </reporter-output>
        </test-method> <!-- afterMethodFailed -->
        <test-method status="PASS" signature="afterMethod(java.lang.String)[pri:0, instance:com.tata.selenium.test.inventoryNumberManagement.TC_07_DisplayResultsBasedOn_Input@6b67034]" name="afterMethod" is-config="true" duration-ms="1217" started-at="2017-12-17T09:15:20Z" depends-on-methods="com.tata.selenium.test.inventoryNumberManagement.TC_07_DisplayResultsBasedOn_Input.afterMethodFailed" finished-at="2017-12-17T09:15:21Z">
          <params>
            <param index="0">
              <value>
                <![CDATA[TC_08]]>
              </value>
            </param>
          </params>
          <reporter-output>
          </reporter-output>
        </test-method> <!-- afterMethod -->
      </class> <!-- com.tata.selenium.test.inventoryNumberManagement.TC_07_DisplayResultsBasedOn_Input -->
    </test> <!-- t9 -->
  </suite> <!-- Suite -->
</testng-results>
